2025-04-23 07:33:46 [main] INFO  com.ecommerce.utility.Log - Trying to load config from: /Users/dkundu/eclipse-workspace/EcommerceProject/Configuration/Config.properties
2025-04-23 07:33:46 [main] INFO  com.ecommerce.utility.Log - Loaded configuration properties: {password=Test01@$, browser=chrome, url=https://www.automationexercise.com/, email=Dpaul01@yopmail.com}
2025-04-23 07:33:46 [main] INFO  com.ecommerce.utility.Log - === START SUITE === Automation Test Suite Started
2025-04-23 07:33:46 [main] INFO  com.ecommerce.utility.Log - Launching browser: Chrome
2025-04-23 07:33:53 [main] INFO  com.ecommerce.utility.Log - Navigated to: https://www.automationexercise.com/
2025-04-23 07:33:53 [main] INFO  com.ecommerce.utility.Log - ---- STARTING TEST CASE: verifyLogin ----
2025-04-23 07:33:53 [main] INFO  com.ecommerce.utility.Log - LoginPage object initialized.
2025-04-23 07:33:53 [main] INFO  com.ecommerce.utility.Log - Verifying home page visibility.
2025-04-23 07:33:53 [main] INFO  com.ecommerce.utility.Log - Navigating to login page.
2025-04-23 07:33:54 [main] INFO  com.ecommerce.utility.Log - Checking login title visibility.
2025-04-23 07:33:54 [main] INFO  com.ecommerce.utility.Log - Entering email and password.
2025-04-23 07:33:55 [main] INFO  com.ecommerce.utility.Log - Verifying if user is logged in.
2025-04-23 07:33:58 [main] INFO  com.ecommerce.utility.Log - ---- ENDING TEST CASE: verifyLogin ----
2025-04-23 07:33:58 [main] INFO  com.ecommerce.utility.Log - Closing browser...
2025-04-23 07:33:58 [main] INFO  com.ecommerce.utility.Log - === END SUITE === Automation Test Suite Finished
2025-04-23 07:39:48 [main] INFO  com.ecommerce.utility.Log - Trying to load config from: /Users/dkundu/eclipse-workspace/EcommerceProject/Configuration/Config.properties
2025-04-23 07:39:48 [main] INFO  com.ecommerce.utility.Log - Loaded configuration properties: {password=Test01@$, browser=chrome, url=https://www.automationexercise.com/, email=Dpaul01@yopmail.com}
2025-04-23 07:39:48 [main] INFO  com.ecommerce.utility.Log - === START SUITE === Automation Test Suite Started
2025-04-23 07:39:48 [main] INFO  com.ecommerce.utility.Log - Launching browser: Chrome
2025-04-23 07:39:55 [main] INFO  com.ecommerce.utility.Log - Navigated to: https://www.automationexercise.com/
2025-04-23 07:39:55 [main] INFO  com.ecommerce.utility.Log - ---- STARTING TEST CASE: verifyLogin ----
2025-04-23 07:39:55 [main] INFO  com.ecommerce.utility.Log - LoginPage object initialized.
2025-04-23 07:39:55 [main] INFO  com.ecommerce.utility.Log - Verifying home page visibility.
2025-04-23 07:39:55 [main] INFO  com.ecommerce.utility.Log - Navigating to login page.
2025-04-23 07:39:56 [main] INFO  com.ecommerce.utility.Log - Checking login title visibility.
2025-04-23 07:39:56 [main] INFO  com.ecommerce.utility.Log - Entering email and password.
2025-04-23 07:39:56 [main] INFO  com.ecommerce.utility.Log - Verifying if user is logged in.
2025-04-23 07:39:59 [main] INFO  com.ecommerce.utility.Log - ---- ENDING TEST CASE: verifyLogin ----
2025-04-23 07:39:59 [main] INFO  com.ecommerce.utility.Log - Closing browser...
2025-04-23 07:39:59 [main] INFO  com.ecommerce.utility.Log - === END SUITE === Automation Test Suite Finished
2025-04-23 07:47:19 [main] INFO  com.ecommerce.utility.Log - Trying to load config from: /Users/dkundu/eclipse-workspace/EcommerceProject/Configuration/Config.properties
2025-04-23 07:47:19 [main] INFO  com.ecommerce.utility.Log - Loaded configuration properties: {password=Test01@$, browser=chrome, url=https://www.automationexercise.com/, email=Dpaul01@yopmail.com}
2025-04-23 07:47:19 [main] INFO  com.ecommerce.utility.Log - === START SUITE === Automation Test Suite Started
2025-04-23 07:47:19 [main] INFO  com.ecommerce.utility.Log - Launching browser: Chrome
2025-04-23 07:47:25 [main] INFO  com.ecommerce.utility.Log - Navigated to: https://www.automationexercise.com/
2025-04-23 07:47:25 [main] INFO  com.ecommerce.utility.Log - ---- STARTING TEST CASE: verifyLogin ----
2025-04-23 07:47:25 [main] INFO  com.ecommerce.utility.Log - LoginPage object initialized.
2025-04-23 07:47:25 [main] INFO  com.ecommerce.utility.Log - Verifying home page visibility.
2025-04-23 07:47:25 [main] INFO  com.ecommerce.utility.Log - Navigating to login page.
2025-04-23 07:47:27 [main] INFO  com.ecommerce.utility.Log - Checking login title visibility.
2025-04-23 07:47:27 [main] INFO  com.ecommerce.utility.Log - Entering email and password.
2025-04-23 07:47:28 [main] INFO  com.ecommerce.utility.Log - Verifying if user is logged in.
2025-04-23 07:47:31 [main] INFO  com.ecommerce.utility.Log - ---- ENDING TEST CASE: verifyLogin ----
2025-04-23 07:47:31 [main] INFO  com.ecommerce.utility.Log - Closing browser...
2025-04-23 07:47:31 [main] INFO  com.ecommerce.utility.Log - === END SUITE === Automation Test Suite Finished
2025-04-24 22:27:10 [main] INFO  com.ecommerce.utility.Log - Trying to load config from: /Users/dkundu/eclipse-workspace/EcommerceProject/Configuration/Config.properties
2025-04-24 22:27:10 [main] INFO  com.ecommerce.utility.Log - Loaded configuration properties: {password=Test01@$, browser=chrome, url=https://www.automationexercise.com/, email=Dpaul01@yopmail.com}
2025-04-24 22:27:10 [main] INFO  com.ecommerce.utility.Log - === START SUITE === Automation Test Suite Started
2025-04-24 22:27:10 [main] INFO  com.ecommerce.utility.Log - Launching browser: Chrome
2025-04-24 22:27:20 [main] INFO  com.ecommerce.utility.Log - Navigated to: https://www.automationexercise.com/
2025-04-24 22:27:20 [main] INFO  com.ecommerce.utility.Log - ---- STARTING TEST CASE: verifyLogin ----
2025-04-24 22:27:20 [main] INFO  com.ecommerce.utility.Log - LoginPage object initialized.
2025-04-24 22:27:20 [main] INFO  com.ecommerce.utility.Log - Verifying home page visibility.
2025-04-24 22:27:20 [main] INFO  com.ecommerce.utility.Log - Navigating to login page.
2025-04-24 22:27:21 [main] INFO  com.ecommerce.utility.Log - Checking login title visibility.
2025-04-24 22:27:21 [main] INFO  com.ecommerce.utility.Log - Entering email and password.
2025-04-24 22:27:40 [main] INFO  com.ecommerce.utility.Log - Verifying if user is logged in.
2025-04-24 22:27:40 [main] INFO  com.ecommerce.utility.Log - ---- ENDING TEST CASE: verifyLogin ----
2025-04-24 22:27:40 [main] INFO  com.ecommerce.utility.Log - Closing browser...
2025-04-24 22:27:40 [main] INFO  com.ecommerce.utility.Log - === END SUITE === Automation Test Suite Finished
2025-04-24 22:38:20 [main] INFO  com.ecommerce.utility.Log - Trying to load config from: /Users/dkundu/eclipse-workspace/EcommerceProject/Configuration/Config.properties
2025-04-24 22:38:20 [main] INFO  com.ecommerce.utility.Log - Loaded configuration properties: {password=Test01@$, browser=chrome, name=Dinesh Paul, url=https://www.automationexercise.com/, email=Dpaul01@yopmail.com}
2025-04-24 22:38:20 [main] INFO  com.ecommerce.utility.Log - === START SUITE === Automation Test Suite Started
2025-04-24 22:38:20 [main] INFO  com.ecommerce.utility.Log - Launching browser: Chrome
2025-04-24 22:38:26 [main] INFO  com.ecommerce.utility.Log - Navigated to: https://www.automationexercise.com/
2025-04-24 22:38:26 [main] INFO  com.ecommerce.utility.Log - ---- STARTING TEST CASE: verifyLogin ----
2025-04-24 22:38:26 [main] INFO  com.ecommerce.utility.Log - LoginPage object initialized.
2025-04-24 22:38:26 [main] INFO  com.ecommerce.utility.Log - Verifying home page visibility.
2025-04-24 22:38:26 [main] INFO  com.ecommerce.utility.Log - Navigating to login page.
2025-04-24 22:38:27 [main] INFO  com.ecommerce.utility.Log - Checking login title visibility.
2025-04-24 22:38:27 [main] INFO  com.ecommerce.utility.Log - Entering email and password.
2025-04-24 22:38:27 [main] INFO  com.ecommerce.utility.Log - Verifying if user is logged in.
2025-04-24 22:38:30 [main] INFO  com.ecommerce.utility.Log - ---- ENDING TEST CASE: verifyLogin ----
2025-04-24 22:38:30 [main] INFO  com.ecommerce.utility.Log - Closing browser...
2025-04-24 22:38:30 [main] INFO  com.ecommerce.utility.Log - === END SUITE === Automation Test Suite Finished
2025-04-24 22:46:13 [main] INFO  com.ecommerce.utility.Log - Trying to load config from: /Users/dkundu/eclipse-workspace/EcommerceProject/Configuration/Config.properties
2025-04-24 22:46:13 [main] INFO  com.ecommerce.utility.Log - Loaded configuration properties: {password=Test01@$, browser=chrome, name=Dinesh Paul, url=https://www.automationexercise.com/, email=Dpaul01@yopmail.com}
2025-04-24 22:46:13 [main] INFO  com.ecommerce.utility.Log - === START SUITE === Automation Test Suite Started
2025-04-24 22:46:13 [main] INFO  com.ecommerce.utility.Log - Launching browser: Chrome
2025-04-24 22:46:19 [main] INFO  com.ecommerce.utility.Log - Navigated to: https://www.automationexercise.com/
2025-04-24 22:46:19 [main] INFO  com.ecommerce.utility.Log - ---- STARTING TEST CASE: verifyLogin ----
2025-04-24 22:46:19 [main] INFO  com.ecommerce.utility.Log - LoginPage object initialized.
2025-04-24 22:46:19 [main] INFO  com.ecommerce.utility.Log - Verifying home page visibility.
2025-04-24 22:46:19 [main] INFO  com.ecommerce.utility.Log - Navigating to login page.
2025-04-24 22:46:22 [main] INFO  com.ecommerce.utility.Log - Checking login title visibility.
2025-04-24 22:46:22 [main] INFO  com.ecommerce.utility.Log - Entering email and password.
2025-04-24 22:46:27 [main] INFO  com.ecommerce.utility.Log - Verifying logged in username. Expected: Dinesh Paul, Actual: Dinesh Paul
2025-04-24 22:46:27 [main] INFO  com.ecommerce.utility.Log - ---- ENDING TEST CASE: verifyLogin ----
2025-04-24 22:46:27 [main] INFO  com.ecommerce.utility.Log - Closing browser...
2025-04-24 22:46:27 [main] INFO  com.ecommerce.utility.Log - === END SUITE === Automation Test Suite Finished
2025-04-24 23:24:35 [main] INFO  com.ecommerce.utility.Log - Trying to load config from: /Users/dkundu/eclipse-workspace/EcommerceProject/Configuration/Config.properties
2025-04-24 23:24:35 [main] INFO  com.ecommerce.utility.Log - Loaded configuration properties: {password=Test01@$, browser=chrome, name=Dinesh Paul, url=https://www.automationexercise.com/, email=Dpaul01@yopmail.com}
2025-04-24 23:24:35 [main] INFO  com.ecommerce.utility.Log - === START SUITE === Automation Test Suite Started
2025-04-24 23:24:35 [main] INFO  com.ecommerce.utility.Log - Launching browser: Chrome
2025-04-24 23:24:41 [main] INFO  com.ecommerce.utility.Log - Navigated to: https://www.automationexercise.com/
2025-04-24 23:24:41 [main] INFO  com.ecommerce.utility.Log - ---- STARTING TEST CASE: verifyLogin ----
2025-04-24 23:24:41 [main] INFO  com.ecommerce.utility.Log - LoginPage object initialized.
2025-04-24 23:24:41 [main] INFO  com.ecommerce.utility.Log - Verifying home page visibility.
2025-04-24 23:24:41 [main] INFO  com.ecommerce.utility.Log - Navigating to login page.
2025-04-24 23:24:43 [main] INFO  com.ecommerce.utility.Log - Checking login title visibility.
2025-04-24 23:24:43 [main] INFO  com.ecommerce.utility.Log - Entering email and password.
2025-04-24 23:24:46 [main] INFO  com.ecommerce.utility.Log - Verifying logged in username. Expected: Dinesh Paul, Actual: Dinesh Paul
2025-04-24 23:24:46 [main] INFO  com.ecommerce.utility.Log - ---- ENDING TEST CASE: verifyLogin ----
2025-04-24 23:24:46 [main] INFO  com.ecommerce.utility.Log - Closing browser...
2025-04-24 23:24:46 [main] INFO  com.ecommerce.utility.Log - === END SUITE === Automation Test Suite Finished
2025-04-25 20:22:40 [main] INFO  com.ecommerce.utility.Log - Trying to load config from: /Users/dkundu/eclipse-workspace/EcommerceProject/Configuration/Config.properties
2025-04-25 20:22:40 [main] INFO  com.ecommerce.utility.Log - Loaded configuration properties: {password=Test01@$, browser=chrome, name=Dinesh Paul, url=https://www.automationexercise.com/, email=Dpaul01@yopmail.com}
2025-04-25 20:22:40 [main] INFO  com.ecommerce.utility.Log - === START SUITE === Automation Test Suite Started
2025-04-25 20:22:40 [main] INFO  com.ecommerce.utility.Log - Launching browser: Chrome
2025-04-25 20:23:25 [main] INFO  com.ecommerce.utility.Log - Navigated to: https://www.automationexercise.com/
2025-04-25 20:23:25 [main] INFO  com.ecommerce.utility.Log - ---- STARTING TEST CASE: verifyLogin ----
2025-04-25 20:23:25 [main] INFO  com.ecommerce.utility.Log - LoginPage object initialized.
2025-04-25 20:23:25 [main] INFO  com.ecommerce.utility.Log - Verifying home page visibility.
2025-04-25 20:23:25 [main] INFO  com.ecommerce.utility.Log - Navigating to login page.
2025-04-25 20:23:26 [main] INFO  com.ecommerce.utility.Log - Checking login title visibility.
2025-04-25 20:23:26 [main] INFO  com.ecommerce.utility.Log - Entering email and password.
2025-04-25 20:23:29 [main] INFO  com.ecommerce.utility.Log - Verifying logged in username. Expected: Dinesh Paul, Actual: Dinesh Paul
2025-04-25 20:23:29 [main] INFO  com.ecommerce.utility.Log - ---- ENDING TEST CASE: verifyLogin ----
2025-04-25 20:23:29 [main] INFO  com.ecommerce.utility.Log - Closing browser...
2025-04-25 20:23:30 [main] INFO  com.ecommerce.utility.Log - === END SUITE === Automation Test Suite Finished
2025-04-28 08:45:00 [main] INFO  com.ecommerce.utility.Log - Trying to load config from: /Users/dkundu/eclipse-workspace/EcommerceProject/Configuration/Config.properties
2025-04-28 08:45:00 [main] INFO  com.ecommerce.utility.Log - Loaded configuration properties.
2025-04-28 08:45:00 [main] INFO  com.ecommerce.utility.Log - === START SUITE === Automation Test Suite Started
2025-04-28 08:45:00 [TestNG-tests-1] INFO  com.ecommerce.utility.Log - Launching browser: Chrome
2025-04-28 08:45:00 [TestNG-tests-4] INFO  com.ecommerce.utility.Log - Launching browser: Safari
2025-04-28 08:45:00 [TestNG-tests-2] INFO  com.ecommerce.utility.Log - Launching browser: Firefox
2025-04-28 08:45:00 [TestNG-tests-3] INFO  com.ecommerce.utility.Log - Launching browser: Edge
2025-04-28 08:45:13 [TestNG-tests-1] INFO  com.ecommerce.utility.Log - Navigated to: https://www.automationexercise.com/
2025-04-28 08:45:13 [TestNG-tests-1] INFO  com.ecommerce.utility.Log - ---- STARTING TEST CASE: verifyLogin ----
2025-04-28 08:45:13 [TestNG-tests-1] INFO  com.ecommerce.utility.Log - LoginPage object initialized.
2025-04-28 08:45:13 [TestNG-tests-1] INFO  com.ecommerce.utility.Log - Verifying home page visibility.
2025-04-28 08:45:13 [TestNG-tests-1] INFO  com.ecommerce.utility.Log - Navigating to login page.
2025-04-28 08:45:15 [TestNG-tests-1] INFO  com.ecommerce.utility.Log - Checking login title visibility.
2025-04-28 08:45:15 [TestNG-tests-1] INFO  com.ecommerce.utility.Log - Entering email and password.
2025-04-28 08:45:17 [TestNG-tests-2] INFO  com.ecommerce.utility.Log - Navigated to: https://www.automationexercise.com/
2025-04-28 08:45:17 [TestNG-tests-2] INFO  com.ecommerce.utility.Log - ---- STARTING TEST CASE: verifyLogin ----
2025-04-28 08:45:17 [TestNG-tests-2] INFO  com.ecommerce.utility.Log - LoginPage object initialized.
2025-04-28 08:45:17 [TestNG-tests-2] INFO  com.ecommerce.utility.Log - Verifying home page visibility.
2025-04-28 08:45:17 [TestNG-tests-2] INFO  com.ecommerce.utility.Log - Navigating to login page.
2025-04-28 08:45:17 [TestNG-tests-2] INFO  com.ecommerce.utility.Log - Checking login title visibility.
2025-04-28 08:45:18 [TestNG-tests-2] INFO  com.ecommerce.utility.Log - Entering email and password.
2025-04-28 08:45:19 [TestNG-tests-2] INFO  com.ecommerce.utility.Log - Verifying logged in username. Expected: Dinesh Paul, Actual: Dinesh Paul
2025-04-28 08:45:19 [TestNG-tests-2] INFO  com.ecommerce.utility.Log - ---- ENDING TEST CASE: verifyLogin ----
2025-04-28 08:45:19 [TestNG-tests-2] INFO  com.ecommerce.utility.Log - Closing browser...
2025-04-28 08:45:21 [TestNG-tests-1] INFO  com.ecommerce.utility.Log - Verifying logged in username. Expected: Dinesh Paul, Actual: Dinesh Paul
2025-04-28 08:45:21 [TestNG-tests-1] INFO  com.ecommerce.utility.Log - ---- ENDING TEST CASE: verifyLogin ----
2025-04-28 08:45:21 [TestNG-tests-1] INFO  com.ecommerce.utility.Log - Closing browser...
2025-04-28 08:45:25 [TestNG-tests-4] INFO  com.ecommerce.utility.Log - Navigated to: https://www.automationexercise.com/
2025-04-28 08:45:25 [TestNG-tests-4] INFO  com.ecommerce.utility.Log - ---- STARTING TEST CASE: verifyLogin ----
2025-04-28 08:45:25 [TestNG-tests-4] INFO  com.ecommerce.utility.Log - LoginPage object initialized.
2025-04-28 08:45:25 [TestNG-tests-4] INFO  com.ecommerce.utility.Log - Verifying home page visibility.
2025-04-28 08:45:25 [TestNG-tests-4] INFO  com.ecommerce.utility.Log - Navigating to login page.
2025-04-28 08:45:26 [TestNG-tests-4] INFO  com.ecommerce.utility.Log - Checking login title visibility.
2025-04-28 08:45:26 [TestNG-tests-4] ERROR com.ecommerce.utility.Log - Test Failed: verifyLogin
2025-04-28 08:45:26 [TestNG-tests-4] INFO  com.ecommerce.utility.Log - Closing browser...
2025-04-28 08:45:41 [TestNG-tests-3] INFO  com.ecommerce.utility.Log - Navigated to: https://www.automationexercise.com/
2025-04-28 08:45:41 [TestNG-tests-3] INFO  com.ecommerce.utility.Log - ---- STARTING TEST CASE: verifyLogin ----
2025-04-28 08:45:41 [TestNG-tests-3] INFO  com.ecommerce.utility.Log - LoginPage object initialized.
2025-04-28 08:45:41 [TestNG-tests-3] INFO  com.ecommerce.utility.Log - Verifying home page visibility.
2025-04-28 08:45:41 [TestNG-tests-3] INFO  com.ecommerce.utility.Log - Navigating to login page.
2025-04-28 08:45:43 [TestNG-tests-3] INFO  com.ecommerce.utility.Log - Checking login title visibility.
2025-04-28 08:45:43 [TestNG-tests-3] INFO  com.ecommerce.utility.Log - Entering email and password.
2025-04-28 08:45:46 [TestNG-tests-3] INFO  com.ecommerce.utility.Log - Verifying logged in username. Expected: Dinesh Paul, Actual: Dinesh Paul
2025-04-28 08:45:46 [TestNG-tests-3] INFO  com.ecommerce.utility.Log - ---- ENDING TEST CASE: verifyLogin ----
2025-04-28 08:45:46 [TestNG-tests-3] INFO  com.ecommerce.utility.Log - Closing browser...
2025-04-28 08:45:47 [main] INFO  com.ecommerce.utility.Log - === END SUITE === Automation Test Suite Finished
2025-04-28 09:08:59 [main] INFO  com.ecommerce.utility.Log - Trying to load config from: /Users/dkundu/eclipse-workspace/EcommerceProject/Configuration/Config.properties
2025-04-28 09:08:59 [main] INFO  com.ecommerce.utility.Log - Loaded configuration properties.
2025-04-28 09:08:59 [main] INFO  com.ecommerce.utility.Log - === START SUITE === Automation Test Suite Started
2025-04-28 09:08:59 [TestNG-tests-3] INFO  com.ecommerce.utility.Log - Launching browser: Edge
2025-04-28 09:08:59 [TestNG-tests-4] INFO  com.ecommerce.utility.Log - Launching browser: Safari
2025-04-28 09:08:59 [TestNG-tests-2] INFO  com.ecommerce.utility.Log - Launching browser: Firefox
2025-04-28 09:08:59 [TestNG-tests-1] INFO  com.ecommerce.utility.Log - Launching browser: Chrome
2025-04-28 09:09:05 [TestNG-tests-1] INFO  com.ecommerce.utility.Log - Navigated to: https://www.automationexercise.com/
2025-04-28 09:09:05 [TestNG-tests-1] INFO  com.ecommerce.utility.Log - ---- STARTING TEST CASE: verifyLogin ----
2025-04-28 09:09:05 [TestNG-tests-1] INFO  com.ecommerce.utility.Log - LoginPage object initialized.
2025-04-28 09:09:05 [TestNG-tests-1] INFO  com.ecommerce.utility.Log - Verifying home page visibility.
2025-04-28 09:09:06 [TestNG-tests-4] INFO  com.ecommerce.utility.Log - Navigated to: https://www.automationexercise.com/
2025-04-28 09:09:06 [TestNG-tests-4] INFO  com.ecommerce.utility.Log - ---- STARTING TEST CASE: verifyLogin ----
2025-04-28 09:09:06 [TestNG-tests-4] INFO  com.ecommerce.utility.Log - LoginPage object initialized.
2025-04-28 09:09:06 [TestNG-tests-4] INFO  com.ecommerce.utility.Log - Verifying home page visibility.
2025-04-28 09:09:06 [TestNG-tests-4] INFO  com.ecommerce.utility.Log - Navigating to login page.
2025-04-28 09:09:06 [TestNG-tests-4] INFO  com.ecommerce.utility.Log - Checking login title visibility.
2025-04-28 09:09:11 [TestNG-tests-1] INFO  com.ecommerce.utility.Log - Navigating to login page.
2025-04-28 09:09:13 [TestNG-tests-1] INFO  com.ecommerce.utility.Log - Checking login title visibility.
2025-04-28 09:09:13 [TestNG-tests-3] INFO  com.ecommerce.utility.Log - Navigated to: https://www.automationexercise.com/
2025-04-28 09:09:13 [TestNG-tests-3] INFO  com.ecommerce.utility.Log - ---- STARTING TEST CASE: verifyLogin ----
2025-04-28 09:09:13 [TestNG-tests-3] INFO  com.ecommerce.utility.Log - LoginPage object initialized.
2025-04-28 09:09:13 [TestNG-tests-3] INFO  com.ecommerce.utility.Log - Verifying home page visibility.
2025-04-28 09:09:13 [TestNG-tests-1] INFO  com.ecommerce.utility.Log - Entering email and password.
2025-04-28 09:09:13 [TestNG-tests-2] INFO  com.ecommerce.utility.Log - Navigated to: https://www.automationexercise.com/
2025-04-28 09:09:13 [TestNG-tests-2] INFO  com.ecommerce.utility.Log - ---- STARTING TEST CASE: verifyLogin ----
2025-04-28 09:09:13 [TestNG-tests-2] INFO  com.ecommerce.utility.Log - LoginPage object initialized.
2025-04-28 09:09:13 [TestNG-tests-2] INFO  com.ecommerce.utility.Log - Verifying home page visibility.
2025-04-28 09:09:13 [TestNG-tests-3] INFO  com.ecommerce.utility.Log - Navigating to login page.
2025-04-28 09:09:13 [TestNG-tests-2] INFO  com.ecommerce.utility.Log - Navigating to login page.
2025-04-28 09:09:14 [TestNG-tests-2] INFO  com.ecommerce.utility.Log - Checking login title visibility.
2025-04-28 09:09:15 [TestNG-tests-2] INFO  com.ecommerce.utility.Log - Entering email and password.
2025-04-28 09:09:15 [TestNG-tests-3] INFO  com.ecommerce.utility.Log - Checking login title visibility.
2025-04-28 09:09:15 [TestNG-tests-3] INFO  com.ecommerce.utility.Log - Entering email and password.
2025-04-28 09:09:16 [TestNG-tests-2] INFO  com.ecommerce.utility.Log - Verifying logged in username. Expected: Dinesh Paul, Actual: Dinesh Paul
2025-04-28 09:09:16 [TestNG-tests-2] INFO  com.ecommerce.utility.Log - ---- ENDING TEST CASE: verifyLogin ----
2025-04-28 09:09:16 [TestNG-tests-2] INFO  com.ecommerce.utility.Log - Closing browser...
2025-04-28 09:09:18 [TestNG-tests-1] INFO  com.ecommerce.utility.Log - Verifying logged in username. Expected: Dinesh Paul, Actual: Dinesh Paul
2025-04-28 09:09:18 [TestNG-tests-1] INFO  com.ecommerce.utility.Log - ---- ENDING TEST CASE: verifyLogin ----
2025-04-28 09:09:18 [TestNG-tests-1] INFO  com.ecommerce.utility.Log - Closing browser...
2025-04-28 09:09:25 [TestNG-tests-3] INFO  com.ecommerce.utility.Log - Verifying logged in username. Expected: Dinesh Paul, Actual: Dinesh Paul
2025-04-28 09:09:25 [TestNG-tests-3] INFO  com.ecommerce.utility.Log - ---- ENDING TEST CASE: verifyLogin ----
2025-04-28 09:09:25 [TestNG-tests-3] INFO  com.ecommerce.utility.Log - Closing browser...
2025-04-28 09:09:37 [TestNG-tests-4] ERROR com.ecommerce.utility.Log - Test Failed: verifyLogin
2025-04-28 09:09:37 [TestNG-tests-4] INFO  com.ecommerce.utility.Log - Closing browser...
2025-04-28 09:09:47 [main] INFO  com.ecommerce.utility.Log - === END SUITE === Automation Test Suite Finished
2025-04-28 22:36:39 [main] INFO  com.ecommerce.utility.Log - Trying to load config from: /Users/dkundu/eclipse-workspace/EcommerceProject/Configuration/Config.properties
2025-04-28 22:36:39 [main] INFO  com.ecommerce.utility.Log - Loaded configuration properties.
2025-04-28 22:36:39 [main] INFO  com.ecommerce.utility.Log - === START SUITE === Automation Test Suite Started
2025-04-28 22:36:39 [TestNG-tests-1] INFO  com.ecommerce.utility.Log - Launching browser: Chrome
2025-04-28 22:36:39 [TestNG-tests-2] INFO  com.ecommerce.utility.Log - Launching browser: Firefox
2025-04-28 22:36:39 [TestNG-tests-3] INFO  com.ecommerce.utility.Log - Launching browser: Edge
2025-04-28 22:36:39 [TestNG-tests-4] INFO  com.ecommerce.utility.Log - Launching browser: Safari
2025-04-28 22:37:19 [TestNG-tests-4] INFO  com.ecommerce.utility.Log - Navigated to: https://www.automationexercise.com/
2025-04-28 22:37:19 [TestNG-tests-4] INFO  com.ecommerce.utility.Log - ---- STARTING TEST CASE: verifyLogin ----
2025-04-28 22:37:19 [TestNG-tests-4] INFO  com.ecommerce.utility.Log - LoginPage object initialized.
2025-04-28 22:37:19 [TestNG-tests-4] INFO  com.ecommerce.utility.Log - Verifying home page visibility.
2025-04-28 22:37:19 [TestNG-tests-4] INFO  com.ecommerce.utility.Log - Navigating to login page.
2025-04-28 22:37:19 [TestNG-tests-2] INFO  com.ecommerce.utility.Log - Navigated to: https://www.automationexercise.com/
2025-04-28 22:37:19 [TestNG-tests-2] INFO  com.ecommerce.utility.Log - ---- STARTING TEST CASE: verifyLogin ----
2025-04-28 22:37:19 [TestNG-tests-2] INFO  com.ecommerce.utility.Log - LoginPage object initialized.
2025-04-28 22:37:19 [TestNG-tests-2] INFO  com.ecommerce.utility.Log - Verifying home page visibility.
2025-04-28 22:37:19 [TestNG-tests-2] INFO  com.ecommerce.utility.Log - Navigating to login page.
2025-04-28 22:37:19 [TestNG-tests-4] INFO  com.ecommerce.utility.Log - Checking login title visibility.
2025-04-28 22:37:19 [TestNG-tests-2] INFO  com.ecommerce.utility.Log - Checking login title visibility.
2025-04-28 22:37:20 [TestNG-tests-2] INFO  com.ecommerce.utility.Log - Entering email and password.
2025-04-28 22:37:22 [TestNG-tests-2] INFO  com.ecommerce.utility.Log - Verifying logged in username. Expected: Dinesh Paul, Actual: Dinesh Paul
2025-04-28 22:37:22 [TestNG-tests-2] INFO  com.ecommerce.utility.Log - ---- ENDING TEST CASE: verifyLogin ----
2025-04-28 22:37:22 [TestNG-tests-2] INFO  com.ecommerce.utility.Log - Closing browser...
2025-04-28 22:37:22 [TestNG-tests-3] INFO  com.ecommerce.utility.Log - Navigated to: https://www.automationexercise.com/
2025-04-28 22:37:22 [TestNG-tests-3] INFO  com.ecommerce.utility.Log - ---- STARTING TEST CASE: verifyLogin ----
2025-04-28 22:37:22 [TestNG-tests-3] INFO  com.ecommerce.utility.Log - LoginPage object initialized.
2025-04-28 22:37:22 [TestNG-tests-3] INFO  com.ecommerce.utility.Log - Verifying home page visibility.
2025-04-28 22:37:22 [TestNG-tests-3] INFO  com.ecommerce.utility.Log - Navigating to login page.
2025-04-28 22:37:23 [TestNG-tests-1] INFO  com.ecommerce.utility.Log - Navigated to: https://www.automationexercise.com/
2025-04-28 22:37:23 [TestNG-tests-1] INFO  com.ecommerce.utility.Log - ---- STARTING TEST CASE: verifyLogin ----
2025-04-28 22:37:23 [TestNG-tests-1] INFO  com.ecommerce.utility.Log - LoginPage object initialized.
2025-04-28 22:37:23 [TestNG-tests-1] INFO  com.ecommerce.utility.Log - Verifying home page visibility.
2025-04-28 22:37:23 [TestNG-tests-1] INFO  com.ecommerce.utility.Log - Navigating to login page.
2025-04-28 22:37:24 [TestNG-tests-3] INFO  com.ecommerce.utility.Log - Checking login title visibility.
2025-04-28 22:37:24 [TestNG-tests-3] INFO  com.ecommerce.utility.Log - Entering email and password.
2025-04-28 22:37:26 [TestNG-tests-1] INFO  com.ecommerce.utility.Log - Checking login title visibility.
2025-04-28 22:37:26 [TestNG-tests-1] INFO  com.ecommerce.utility.Log - Entering email and password.
2025-04-28 22:37:28 [TestNG-tests-3] INFO  com.ecommerce.utility.Log - Verifying logged in username. Expected: Dinesh Paul, Actual: Dinesh Paul
2025-04-28 22:37:28 [TestNG-tests-3] INFO  com.ecommerce.utility.Log - ---- ENDING TEST CASE: verifyLogin ----
2025-04-28 22:37:28 [TestNG-tests-3] INFO  com.ecommerce.utility.Log - Closing browser...
2025-04-28 22:37:35 [TestNG-tests-1] INFO  com.ecommerce.utility.Log - Verifying logged in username. Expected: Dinesh Paul, Actual: Dinesh Paul
2025-04-28 22:37:35 [TestNG-tests-1] INFO  com.ecommerce.utility.Log - ---- ENDING TEST CASE: verifyLogin ----
2025-04-28 22:37:35 [TestNG-tests-1] INFO  com.ecommerce.utility.Log - Closing browser...
2025-04-28 22:37:50 [TestNG-tests-4] ERROR com.ecommerce.utility.Log - Test Failed: verifyLogin
2025-04-28 22:37:50 [TestNG-tests-4] INFO  com.ecommerce.utility.Log - Closing browser...
2025-04-28 22:38:00 [main] INFO  com.ecommerce.utility.Log - === END SUITE === Automation Test Suite Finished
2025-04-28 23:28:15 [main] INFO  com.ecommerce.utility.Log - Trying to load config from: /Users/dkundu/eclipse-workspace/EcommerceProject/Configuration/Config.properties
2025-04-28 23:28:15 [main] INFO  com.ecommerce.utility.Log - Loaded configuration properties.
2025-04-28 23:28:15 [main] INFO  com.ecommerce.utility.Log - === START SUITE === Automation Test Suite Started
2025-04-28 23:28:15 [TestNG-tests-3] INFO  com.ecommerce.utility.Log - Launching browser: Edge
2025-04-28 23:28:15 [TestNG-tests-2] INFO  com.ecommerce.utility.Log - Launching browser: Firefox
2025-04-28 23:28:15 [TestNG-tests-1] INFO  com.ecommerce.utility.Log - Launching browser: Chrome
2025-04-28 23:28:15 [TestNG-tests-4] INFO  com.ecommerce.utility.Log - Launching browser: Safari
2025-04-28 23:28:23 [TestNG-tests-3] INFO  com.ecommerce.utility.Log - Navigated to: https://www.automationexercise.com/
2025-04-28 23:28:23 [TestNG-tests-3] INFO  com.ecommerce.utility.Log - ---- STARTING TEST CASE: verifyLogin ----
2025-04-28 23:28:23 [TestNG-tests-3] INFO  com.ecommerce.utility.Log - LoginPage object initialized.
2025-04-28 23:28:23 [TestNG-tests-3] INFO  com.ecommerce.utility.Log - Verifying home page visibility.
2025-04-28 23:28:23 [TestNG-tests-3] INFO  com.ecommerce.utility.Log - Navigating to login page.
2025-04-28 23:28:26 [TestNG-tests-3] INFO  com.ecommerce.utility.Log - Checking login title visibility.
2025-04-28 23:28:26 [TestNG-tests-3] INFO  com.ecommerce.utility.Log - Entering email and password.
2025-04-28 23:28:28 [TestNG-tests-1] INFO  com.ecommerce.utility.Log - Navigated to: https://www.automationexercise.com/
2025-04-28 23:28:28 [TestNG-tests-1] INFO  com.ecommerce.utility.Log - ---- STARTING TEST CASE: verifyLogin ----
2025-04-28 23:28:28 [TestNG-tests-1] INFO  com.ecommerce.utility.Log - LoginPage object initialized.
2025-04-28 23:28:28 [TestNG-tests-1] INFO  com.ecommerce.utility.Log - Verifying home page visibility.
2025-04-28 23:28:28 [TestNG-tests-1] INFO  com.ecommerce.utility.Log - Navigating to login page.
2025-04-28 23:28:29 [TestNG-tests-2] INFO  com.ecommerce.utility.Log - Navigated to: https://www.automationexercise.com/
2025-04-28 23:28:29 [TestNG-tests-2] INFO  com.ecommerce.utility.Log - ---- STARTING TEST CASE: verifyLogin ----
2025-04-28 23:28:29 [TestNG-tests-2] INFO  com.ecommerce.utility.Log - LoginPage object initialized.
2025-04-28 23:28:29 [TestNG-tests-2] INFO  com.ecommerce.utility.Log - Verifying home page visibility.
2025-04-28 23:28:29 [TestNG-tests-2] INFO  com.ecommerce.utility.Log - Navigating to login page.
2025-04-28 23:28:29 [TestNG-tests-3] INFO  com.ecommerce.utility.Log - Verifying logged in username. Expected: Dinesh Paul, Actual: Dinesh Paul
2025-04-28 23:28:29 [TestNG-tests-3] INFO  com.ecommerce.utility.Log - ---- ENDING TEST CASE: verifyLogin ----
2025-04-28 23:28:29 [TestNG-tests-3] INFO  com.ecommerce.utility.Log - Closing browser...
2025-04-28 23:28:30 [TestNG-tests-2] INFO  com.ecommerce.utility.Log - Checking login title visibility.
2025-04-28 23:28:30 [TestNG-tests-1] INFO  com.ecommerce.utility.Log - Checking login title visibility.
2025-04-28 23:28:30 [TestNG-tests-1] INFO  com.ecommerce.utility.Log - Entering email and password.
2025-04-28 23:28:31 [TestNG-tests-2] INFO  com.ecommerce.utility.Log - Entering email and password.
2025-04-28 23:28:33 [TestNG-tests-2] INFO  com.ecommerce.utility.Log - Verifying logged in username. Expected: Dinesh Paul, Actual: Dinesh Paul
2025-04-28 23:28:33 [TestNG-tests-2] INFO  com.ecommerce.utility.Log - ---- ENDING TEST CASE: verifyLogin ----
2025-04-28 23:28:33 [TestNG-tests-2] INFO  com.ecommerce.utility.Log - Closing browser...
2025-04-28 23:28:43 [TestNG-tests-1] INFO  com.ecommerce.utility.Log - Verifying logged in username. Expected: Dinesh Paul, Actual: Dinesh Paul
2025-04-28 23:28:43 [TestNG-tests-1] INFO  com.ecommerce.utility.Log - ---- ENDING TEST CASE: verifyLogin ----
2025-04-28 23:28:43 [TestNG-tests-1] INFO  com.ecommerce.utility.Log - Closing browser...
2025-04-28 23:31:07 [main] INFO  com.ecommerce.utility.Log - === END SUITE === Automation Test Suite Finished
2025-04-28 23:45:30 [main] INFO  com.ecommerce.utility.Log - Trying to load config from: /Users/dkundu/eclipse-workspace/EcommerceProject/Configuration/Config.properties
2025-04-28 23:45:30 [main] INFO  com.ecommerce.utility.Log - Loaded configuration properties.
2025-04-28 23:45:30 [main] INFO  com.ecommerce.utility.Log - === START SUITE === Automation Test Suite Started
2025-04-28 23:45:30 [TestNG-tests-3] INFO  com.ecommerce.utility.Log - Launching browser: Edge
2025-04-28 23:45:30 [TestNG-tests-2] INFO  com.ecommerce.utility.Log - Launching browser: Firefox
2025-04-28 23:45:30 [TestNG-tests-1] INFO  com.ecommerce.utility.Log - Launching browser: Chrome
2025-04-28 23:45:38 [TestNG-tests-1] INFO  com.ecommerce.utility.Log - Navigated to: https://www.automationexercise.com/
2025-04-28 23:45:38 [TestNG-tests-1] INFO  com.ecommerce.utility.Log - ---- STARTING TEST CASE: verifyLogin ----
2025-04-28 23:45:38 [TestNG-tests-1] INFO  com.ecommerce.utility.Log - LoginPage object initialized.
2025-04-28 23:45:38 [TestNG-tests-1] INFO  com.ecommerce.utility.Log - Verifying home page visibility.
2025-04-28 23:45:38 [TestNG-tests-1] INFO  com.ecommerce.utility.Log - Navigating to login page.
2025-04-28 23:45:39 [TestNG-tests-1] INFO  com.ecommerce.utility.Log - Checking login title visibility.
2025-04-28 23:45:39 [TestNG-tests-1] INFO  com.ecommerce.utility.Log - Entering email and password.
2025-04-28 23:45:42 [TestNG-tests-2] INFO  com.ecommerce.utility.Log - Navigated to: https://www.automationexercise.com/
2025-04-28 23:45:42 [TestNG-tests-2] INFO  com.ecommerce.utility.Log - ---- STARTING TEST CASE: verifyLogin ----
2025-04-28 23:45:42 [TestNG-tests-2] INFO  com.ecommerce.utility.Log - LoginPage object initialized.
2025-04-28 23:45:42 [TestNG-tests-2] INFO  com.ecommerce.utility.Log - Verifying home page visibility.
2025-04-28 23:45:42 [TestNG-tests-2] INFO  com.ecommerce.utility.Log - Navigating to login page.
2025-04-28 23:45:42 [TestNG-tests-2] INFO  com.ecommerce.utility.Log - Checking login title visibility.
2025-04-28 23:45:43 [TestNG-tests-1] INFO  com.ecommerce.utility.Log - Verifying logged in username. Expected: Dinesh Paul, Actual: Dinesh Paul
2025-04-28 23:45:43 [TestNG-tests-1] INFO  com.ecommerce.utility.Log - ---- ENDING TEST CASE: verifyLogin ----
2025-04-28 23:45:43 [TestNG-tests-1] INFO  com.ecommerce.utility.Log - Closing browser...
2025-04-28 23:45:43 [TestNG-tests-2] INFO  com.ecommerce.utility.Log - Entering email and password.
2025-04-28 23:45:45 [TestNG-tests-2] INFO  com.ecommerce.utility.Log - Verifying logged in username. Expected: Dinesh Paul, Actual: Dinesh Paul
2025-04-28 23:45:45 [TestNG-tests-2] INFO  com.ecommerce.utility.Log - ---- ENDING TEST CASE: verifyLogin ----
2025-04-28 23:45:45 [TestNG-tests-2] INFO  com.ecommerce.utility.Log - Closing browser...
2025-04-28 23:47:15 [TestNG-tests-3] INFO  com.ecommerce.utility.Log - Navigated to: https://www.automationexercise.com/
2025-04-28 23:47:15 [TestNG-tests-3] INFO  com.ecommerce.utility.Log - ---- STARTING TEST CASE: verifyLogin ----
2025-04-28 23:47:15 [TestNG-tests-3] INFO  com.ecommerce.utility.Log - LoginPage object initialized.
2025-04-28 23:47:15 [TestNG-tests-3] INFO  com.ecommerce.utility.Log - Verifying home page visibility.
2025-04-28 23:47:15 [TestNG-tests-3] INFO  com.ecommerce.utility.Log - Navigating to login page.
2025-04-28 23:47:17 [TestNG-tests-3] INFO  com.ecommerce.utility.Log - Checking login title visibility.
2025-04-28 23:47:17 [TestNG-tests-3] INFO  com.ecommerce.utility.Log - Entering email and password.
2025-04-28 23:49:56 [TestNG-tests-3] ERROR com.ecommerce.utility.Log - Test Failed: verifyLogin
2025-04-28 23:49:56 [main] INFO  com.ecommerce.utility.Log - === END SUITE === Automation Test Suite Finished
2025-04-28 23:53:28 [main] INFO  com.ecommerce.utility.Log - Trying to load config from: /Users/dkundu/eclipse-workspace/EcommerceProject/Configuration/Config.properties
2025-04-28 23:53:28 [main] INFO  com.ecommerce.utility.Log - Loaded configuration properties.
2025-04-28 23:53:28 [main] INFO  com.ecommerce.utility.Log - === START SUITE === Automation Test Suite Started
2025-04-28 23:53:28 [TestNG-tests-3] INFO  com.ecommerce.utility.Log - Launching browser: Edge
2025-04-28 23:53:28 [TestNG-tests-2] INFO  com.ecommerce.utility.Log - Launching browser: Firefox
2025-04-28 23:53:28 [TestNG-tests-1] INFO  com.ecommerce.utility.Log - Launching browser: Chrome
2025-04-28 23:53:35 [TestNG-tests-3] INFO  com.ecommerce.utility.Log - Navigated to: https://www.automationexercise.com/
2025-04-28 23:53:35 [TestNG-tests-3] INFO  com.ecommerce.utility.Log - ---- STARTING TEST CASE: verifyLogin ----
2025-04-28 23:53:35 [TestNG-tests-3] INFO  com.ecommerce.utility.Log - LoginPage object initialized.
2025-04-28 23:53:35 [TestNG-tests-3] INFO  com.ecommerce.utility.Log - Verifying home page visibility.
2025-04-28 23:53:35 [TestNG-tests-3] INFO  com.ecommerce.utility.Log - Navigating to login page.
2025-04-28 23:53:36 [TestNG-tests-2] INFO  com.ecommerce.utility.Log - Navigated to: https://www.automationexercise.com/
2025-04-28 23:53:36 [TestNG-tests-2] INFO  com.ecommerce.utility.Log - ---- STARTING TEST CASE: verifyLogin ----
2025-04-28 23:53:36 [TestNG-tests-2] INFO  com.ecommerce.utility.Log - LoginPage object initialized.
2025-04-28 23:53:36 [TestNG-tests-2] INFO  com.ecommerce.utility.Log - Verifying home page visibility.
2025-04-28 23:53:36 [TestNG-tests-2] INFO  com.ecommerce.utility.Log - Navigating to login page.
2025-04-28 23:53:36 [TestNG-tests-2] INFO  com.ecommerce.utility.Log - Checking login title visibility.
2025-04-28 23:53:37 [TestNG-tests-3] INFO  com.ecommerce.utility.Log - Checking login title visibility.
2025-04-28 23:53:37 [TestNG-tests-3] INFO  com.ecommerce.utility.Log - Entering email and password.
2025-04-28 23:53:37 [TestNG-tests-2] INFO  com.ecommerce.utility.Log - Entering email and password.
2025-04-28 23:53:39 [TestNG-tests-3] INFO  com.ecommerce.utility.Log - Verifying logged in username. Expected: Dinesh Paul, Actual: Dinesh Paul
2025-04-28 23:53:39 [TestNG-tests-3] INFO  com.ecommerce.utility.Log - ---- ENDING TEST CASE: verifyLogin ----
2025-04-28 23:53:39 [TestNG-tests-3] INFO  com.ecommerce.utility.Log - Closing browser...
2025-04-28 23:53:40 [TestNG-tests-2] INFO  com.ecommerce.utility.Log - Verifying logged in username. Expected: Dinesh Paul, Actual: Dinesh Paul
2025-04-28 23:53:40 [TestNG-tests-2] INFO  com.ecommerce.utility.Log - ---- ENDING TEST CASE: verifyLogin ----
2025-04-28 23:53:40 [TestNG-tests-2] INFO  com.ecommerce.utility.Log - Closing browser...
2025-04-28 23:54:05 [TestNG-tests-1] INFO  com.ecommerce.utility.Log - Navigated to: https://www.automationexercise.com/
2025-04-28 23:54:05 [TestNG-tests-1] INFO  com.ecommerce.utility.Log - ---- STARTING TEST CASE: verifyLogin ----
2025-04-28 23:54:05 [TestNG-tests-1] INFO  com.ecommerce.utility.Log - LoginPage object initialized.
2025-04-28 23:54:05 [TestNG-tests-1] INFO  com.ecommerce.utility.Log - Verifying home page visibility.
2025-04-28 23:54:05 [TestNG-tests-1] INFO  com.ecommerce.utility.Log - Navigating to login page.
2025-04-28 23:54:07 [TestNG-tests-1] INFO  com.ecommerce.utility.Log - Checking login title visibility.
2025-04-28 23:54:07 [TestNG-tests-1] INFO  com.ecommerce.utility.Log - Entering email and password.
2025-04-28 23:54:11 [TestNG-tests-1] INFO  com.ecommerce.utility.Log - Verifying logged in username. Expected: Dinesh Paul, Actual: Dinesh Paul
2025-04-28 23:54:11 [TestNG-tests-1] INFO  com.ecommerce.utility.Log - ---- ENDING TEST CASE: verifyLogin ----
2025-04-28 23:54:11 [TestNG-tests-1] INFO  com.ecommerce.utility.Log - Closing browser...
2025-04-28 23:54:11 [main] INFO  com.ecommerce.utility.Log - === END SUITE === Automation Test Suite Finished
2025-04-29 00:25:54 [main] INFO  com.ecommerce.utility.Log - Trying to load config from: /Users/dkundu/eclipse-workspace/EcommerceProject/Configuration/Config.properties
2025-04-29 00:25:54 [main] INFO  com.ecommerce.utility.Log - Loaded configuration properties.
2025-04-29 00:25:54 [main] INFO  com.ecommerce.utility.Log - === START SUITE === Automation Test Suite Started
2025-04-29 00:25:54 [TestNG-tests-2] INFO  com.ecommerce.utility.Log - Launching browser: Firefox
2025-04-29 00:25:54 [TestNG-tests-3] INFO  com.ecommerce.utility.Log - Launching browser: Edge
2025-04-29 00:25:54 [TestNG-tests-1] INFO  com.ecommerce.utility.Log - Launching browser: Chrome
2025-04-29 00:26:02 [TestNG-tests-1] INFO  com.ecommerce.utility.Log - Navigated to: https://www.automationexercise.com/
2025-04-29 00:26:03 [TestNG-tests-1] INFO  com.ecommerce.utility.Log - ---- STARTING TEST CASE: verifyLogin ----
2025-04-29 00:26:03 [TestNG-tests-1] INFO  com.ecommerce.utility.Log - LoginPage object initialized.
2025-04-29 00:26:03 [TestNG-tests-1] INFO  com.ecommerce.utility.Log - Verifying home page visibility.
2025-04-29 00:26:03 [TestNG-tests-1] INFO  com.ecommerce.utility.Log - Navigating to login page.
2025-04-29 00:26:04 [TestNG-tests-1] INFO  com.ecommerce.utility.Log - Checking login title visibility.
2025-04-29 00:26:04 [TestNG-tests-1] INFO  com.ecommerce.utility.Log - Entering email and password.
2025-04-29 00:26:05 [TestNG-tests-2] INFO  com.ecommerce.utility.Log - Navigated to: https://www.automationexercise.com/
2025-04-29 00:26:05 [TestNG-tests-2] INFO  com.ecommerce.utility.Log - ---- STARTING TEST CASE: verifyLogin ----
2025-04-29 00:26:05 [TestNG-tests-2] INFO  com.ecommerce.utility.Log - LoginPage object initialized.
2025-04-29 00:26:05 [TestNG-tests-2] INFO  com.ecommerce.utility.Log - Verifying home page visibility.
2025-04-29 00:26:05 [TestNG-tests-2] INFO  com.ecommerce.utility.Log - Navigating to login page.
2025-04-29 00:26:05 [TestNG-tests-2] INFO  com.ecommerce.utility.Log - Checking login title visibility.
2025-04-29 00:26:06 [TestNG-tests-2] INFO  com.ecommerce.utility.Log - Entering email and password.
2025-04-29 00:26:07 [TestNG-tests-2] INFO  com.ecommerce.utility.Log - Verifying logged in username. Expected: Dinesh Paul, Actual: Dinesh Paul
2025-04-29 00:26:07 [TestNG-tests-2] INFO  com.ecommerce.utility.Log - ---- ENDING TEST CASE: verifyLogin ----
2025-04-29 00:26:07 [TestNG-tests-2] INFO  com.ecommerce.utility.Log - Closing browser...
2025-04-29 00:26:07 [TestNG-tests-1] INFO  com.ecommerce.utility.Log - Verifying logged in username. Expected: Dinesh Paul, Actual: Dinesh Paul
2025-04-29 00:26:07 [TestNG-tests-1] INFO  com.ecommerce.utility.Log - ---- ENDING TEST CASE: verifyLogin ----
2025-04-29 00:26:07 [TestNG-tests-1] INFO  com.ecommerce.utility.Log - Closing browser...
2025-04-29 00:26:14 [TestNG-tests-3] INFO  com.ecommerce.utility.Log - Navigated to: https://www.automationexercise.com/
2025-04-29 00:26:14 [TestNG-tests-3] INFO  com.ecommerce.utility.Log - ---- STARTING TEST CASE: verifyLogin ----
2025-04-29 00:26:14 [TestNG-tests-3] INFO  com.ecommerce.utility.Log - LoginPage object initialized.
2025-04-29 00:26:14 [TestNG-tests-3] INFO  com.ecommerce.utility.Log - Verifying home page visibility.
2025-04-29 00:26:14 [TestNG-tests-3] INFO  com.ecommerce.utility.Log - Navigating to login page.
2025-04-29 00:26:16 [TestNG-tests-3] INFO  com.ecommerce.utility.Log - Checking login title visibility.
2025-04-29 00:26:16 [TestNG-tests-3] INFO  com.ecommerce.utility.Log - Entering email and password.
2025-04-29 00:26:19 [TestNG-tests-3] INFO  com.ecommerce.utility.Log - Verifying logged in username. Expected: Dinesh Paul, Actual: Dinesh Paul
2025-04-29 00:26:19 [TestNG-tests-3] INFO  com.ecommerce.utility.Log - ---- ENDING TEST CASE: verifyLogin ----
2025-04-29 00:26:19 [TestNG-tests-3] INFO  com.ecommerce.utility.Log - Closing browser...
2025-04-29 00:26:20 [main] INFO  com.ecommerce.utility.Log - === END SUITE === Automation Test Suite Finished
2025-04-30 06:21:50 [main] INFO  com.ecommerce.utility.Log - Trying to load config from: /Users/dkundu/eclipse-workspace/EcommerceProject/Configuration/Config.properties
2025-04-30 06:21:50 [main] INFO  com.ecommerce.utility.Log - Loaded configuration properties.
2025-04-30 06:21:50 [main] INFO  com.ecommerce.utility.Log - === START SUITE === Automation Test Suite Started
2025-04-30 06:21:50 [TestNG-tests-1] INFO  com.ecommerce.utility.Log - Launching browser: Chrome
2025-04-30 06:21:50 [TestNG-tests-2] INFO  com.ecommerce.utility.Log - Launching browser: Firefox
2025-04-30 06:21:50 [TestNG-tests-3] INFO  com.ecommerce.utility.Log - Launching browser: Edge
2025-04-30 06:22:02 [TestNG-tests-3] INFO  com.ecommerce.utility.Log - Navigated to: https://www.automationexercise.com/
2025-04-30 06:22:02 [TestNG-tests-3] INFO  com.ecommerce.utility.Log - ---- STARTING TEST CASE: verifyLogin ----
2025-04-30 06:22:02 [TestNG-tests-3] INFO  com.ecommerce.utility.Log - LoginPage object initialized.
2025-04-30 06:22:02 [TestNG-tests-3] INFO  com.ecommerce.utility.Log - Verifying home page visibility.
2025-04-30 06:22:02 [TestNG-tests-3] INFO  com.ecommerce.utility.Log - Navigating to login page.
2025-04-30 06:22:05 [TestNG-tests-3] INFO  com.ecommerce.utility.Log - Checking login title visibility.
2025-04-30 06:22:05 [TestNG-tests-3] INFO  com.ecommerce.utility.Log - Entering email and password.
2025-04-30 06:22:09 [TestNG-tests-1] INFO  com.ecommerce.utility.Log - Navigated to: https://www.automationexercise.com/
2025-04-30 06:22:09 [TestNG-tests-1] INFO  com.ecommerce.utility.Log - ---- STARTING TEST CASE: verifyLogin ----
2025-04-30 06:22:09 [TestNG-tests-1] INFO  com.ecommerce.utility.Log - LoginPage object initialized.
2025-04-30 06:22:09 [TestNG-tests-1] INFO  com.ecommerce.utility.Log - Verifying home page visibility.
2025-04-30 06:22:09 [TestNG-tests-1] INFO  com.ecommerce.utility.Log - Navigating to login page.
2025-04-30 06:22:14 [TestNG-tests-1] INFO  com.ecommerce.utility.Log - Checking login title visibility.
2025-04-30 06:22:14 [TestNG-tests-1] INFO  com.ecommerce.utility.Log - Entering email and password.
2025-04-30 06:22:15 [TestNG-tests-3] ERROR com.ecommerce.utility.Log - Test Failed: verifyLogin
2025-04-30 06:22:15 [TestNG-tests-3] INFO  com.ecommerce.utility.Log - Closing browser...
2025-04-30 06:22:16 [TestNG-tests-2] INFO  com.ecommerce.utility.Log - Navigated to: https://www.automationexercise.com/
2025-04-30 06:22:16 [TestNG-tests-2] INFO  com.ecommerce.utility.Log - ---- STARTING TEST CASE: verifyLogin ----
2025-04-30 06:22:16 [TestNG-tests-2] INFO  com.ecommerce.utility.Log - LoginPage object initialized.
2025-04-30 06:22:16 [TestNG-tests-2] INFO  com.ecommerce.utility.Log - Verifying home page visibility.
2025-04-30 06:22:16 [TestNG-tests-2] INFO  com.ecommerce.utility.Log - Navigating to login page.
2025-04-30 06:22:16 [TestNG-tests-2] INFO  com.ecommerce.utility.Log - Checking login title visibility.
2025-04-30 06:22:17 [TestNG-tests-2] INFO  com.ecommerce.utility.Log - Entering email and password.
2025-04-30 06:22:25 [TestNG-tests-1] ERROR com.ecommerce.utility.Log - Test Failed: verifyLogin
2025-04-30 06:22:25 [TestNG-tests-1] INFO  com.ecommerce.utility.Log - Closing browser...
2025-04-30 06:22:27 [TestNG-tests-2] ERROR com.ecommerce.utility.Log - Test Failed: verifyLogin
2025-04-30 06:22:27 [TestNG-tests-2] INFO  com.ecommerce.utility.Log - Closing browser...
2025-04-30 06:22:28 [main] INFO  com.ecommerce.utility.Log - === END SUITE === Automation Test Suite Finished
2025-04-30 06:29:14 [main] INFO  com.ecommerce.utility.Log - Trying to load config from: /Users/dkundu/eclipse-workspace/EcommerceProject/Configuration/Config.properties
2025-04-30 06:29:14 [main] INFO  com.ecommerce.utility.Log - Loaded configuration properties.
2025-04-30 06:29:14 [main] INFO  com.ecommerce.utility.Log - === START SUITE === Automation Test Suite Started
2025-04-30 06:29:14 [TestNG-tests-3] INFO  com.ecommerce.utility.Log - Launching browser: Edge
2025-04-30 06:29:14 [TestNG-tests-2] INFO  com.ecommerce.utility.Log - Launching browser: Firefox
2025-04-30 06:29:14 [TestNG-tests-1] INFO  com.ecommerce.utility.Log - Launching browser: Chrome
2025-04-30 06:29:38 [TestNG-tests-3] INFO  com.ecommerce.utility.Log - Navigated to: https://www.automationexercise.com/
2025-04-30 06:29:38 [TestNG-tests-3] INFO  com.ecommerce.utility.Log - ---- STARTING TEST CASE: verifyLogin ----
2025-04-30 06:29:38 [TestNG-tests-3] INFO  com.ecommerce.utility.Log - LoginPage object initialized.
2025-04-30 06:29:38 [TestNG-tests-3] INFO  com.ecommerce.utility.Log - Verifying home page visibility.
2025-04-30 06:29:38 [TestNG-tests-3] INFO  com.ecommerce.utility.Log - Navigating to login page.
2025-04-30 06:29:43 [TestNG-tests-3] INFO  com.ecommerce.utility.Log - Checking login title visibility.
2025-04-30 06:29:43 [TestNG-tests-3] INFO  com.ecommerce.utility.Log - Entering email and password.
2025-04-30 06:29:43 [TestNG-tests-2] INFO  com.ecommerce.utility.Log - Navigated to: https://www.automationexercise.com/
2025-04-30 06:29:43 [TestNG-tests-2] INFO  com.ecommerce.utility.Log - ---- STARTING TEST CASE: verifyLogin ----
2025-04-30 06:29:43 [TestNG-tests-2] INFO  com.ecommerce.utility.Log - LoginPage object initialized.
2025-04-30 06:29:43 [TestNG-tests-2] INFO  com.ecommerce.utility.Log - Verifying home page visibility.
2025-04-30 06:29:43 [TestNG-tests-2] INFO  com.ecommerce.utility.Log - Navigating to login page.
2025-04-30 06:29:43 [TestNG-tests-2] INFO  com.ecommerce.utility.Log - Checking login title visibility.
2025-04-30 06:29:44 [TestNG-tests-2] INFO  com.ecommerce.utility.Log - Entering email and password.
2025-04-30 06:29:46 [TestNG-tests-2] INFO  com.ecommerce.utility.Log - Verifying logged in username. Expected: Dinesh Paul, Actual: Dinesh Paul
2025-04-30 06:29:46 [TestNG-tests-2] INFO  com.ecommerce.utility.Log - ---- ENDING TEST CASE: verifyLogin ----
2025-04-30 06:29:46 [TestNG-tests-2] INFO  com.ecommerce.utility.Log - Closing browser...
2025-04-30 06:29:46 [TestNG-tests-1] INFO  com.ecommerce.utility.Log - Navigated to: https://www.automationexercise.com/
2025-04-30 06:29:46 [TestNG-tests-1] INFO  com.ecommerce.utility.Log - ---- STARTING TEST CASE: verifyLogin ----
2025-04-30 06:29:46 [TestNG-tests-1] INFO  com.ecommerce.utility.Log - LoginPage object initialized.
2025-04-30 06:29:46 [TestNG-tests-1] INFO  com.ecommerce.utility.Log - Verifying home page visibility.
2025-04-30 06:29:47 [TestNG-tests-1] INFO  com.ecommerce.utility.Log - Navigating to login page.
2025-04-30 06:29:54 [TestNG-tests-1] INFO  com.ecommerce.utility.Log - Checking login title visibility.
2025-04-30 06:29:54 [TestNG-tests-1] INFO  com.ecommerce.utility.Log - Entering email and password.
2025-04-30 06:30:54 [TestNG-tests-1] INFO  com.ecommerce.utility.Log - Verifying logged in username. Expected: Dinesh Paul, Actual: Dinesh Paul
2025-04-30 06:30:54 [TestNG-tests-1] INFO  com.ecommerce.utility.Log - ---- ENDING TEST CASE: verifyLogin ----
2025-04-30 06:30:54 [TestNG-tests-1] INFO  com.ecommerce.utility.Log - Closing browser...
2025-04-30 06:32:04 [TestNG-tests-3] INFO  com.ecommerce.utility.Log - Verifying logged in username. Expected: Dinesh Paul, Actual: Dinesh Paul
2025-04-30 06:32:04 [TestNG-tests-3] INFO  com.ecommerce.utility.Log - ---- ENDING TEST CASE: verifyLogin ----
2025-04-30 06:32:04 [TestNG-tests-3] INFO  com.ecommerce.utility.Log - Closing browser...
2025-04-30 06:32:05 [main] INFO  com.ecommerce.utility.Log - === END SUITE === Automation Test Suite Finished
2025-04-30 22:55:27 [main] INFO  com.ecommerce.utility.Log - Trying to load config from: /Users/dkundu/eclipse-workspace/EcommerceProject/Configuration/Config.properties
2025-04-30 22:55:27 [main] INFO  com.ecommerce.utility.Log - Loaded configuration properties.
2025-04-30 22:55:27 [main] INFO  com.ecommerce.utility.Log - === START SUITE === Automation Test Suite Started
2025-04-30 22:55:27 [TestNG-tests-2] INFO  com.ecommerce.utility.Log - Launching browser: Firefox
2025-04-30 22:55:27 [TestNG-tests-1] INFO  com.ecommerce.utility.Log - Launching browser: Chrome
2025-04-30 22:55:27 [TestNG-tests-3] INFO  com.ecommerce.utility.Log - Launching browser: Edge
2025-04-30 22:56:04 [TestNG-tests-1] INFO  com.ecommerce.utility.Log - Navigated to: https://www.automationexercise.com/
2025-04-30 22:56:05 [TestNG-tests-1] INFO  com.ecommerce.utility.Log - ---- STARTING TEST CASE: verifyLogin ----
2025-04-30 22:56:05 [TestNG-tests-1] INFO  com.ecommerce.utility.Log - LoginPage object initialized.
2025-04-30 22:56:05 [TestNG-tests-1] INFO  com.ecommerce.utility.Log - Verifying home page visibility.
2025-04-30 22:56:08 [TestNG-tests-3] INFO  com.ecommerce.utility.Log - Navigated to: https://www.automationexercise.com/
2025-04-30 22:56:08 [TestNG-tests-3] INFO  com.ecommerce.utility.Log - ---- STARTING TEST CASE: verifyLogin ----
2025-04-30 22:56:08 [TestNG-tests-3] INFO  com.ecommerce.utility.Log - LoginPage object initialized.
2025-04-30 22:56:08 [TestNG-tests-3] INFO  com.ecommerce.utility.Log - Verifying home page visibility.
2025-04-30 22:56:08 [TestNG-tests-3] INFO  com.ecommerce.utility.Log - Navigating to login page.
2025-04-30 22:56:11 [TestNG-tests-2] INFO  com.ecommerce.utility.Log - Navigated to: https://www.automationexercise.com/
2025-04-30 22:56:11 [TestNG-tests-2] INFO  com.ecommerce.utility.Log - ---- STARTING TEST CASE: verifyLogin ----
2025-04-30 22:56:11 [TestNG-tests-2] INFO  com.ecommerce.utility.Log - LoginPage object initialized.
2025-04-30 22:56:11 [TestNG-tests-2] INFO  com.ecommerce.utility.Log - Verifying home page visibility.
2025-04-30 22:56:11 [TestNG-tests-2] INFO  com.ecommerce.utility.Log - Navigating to login page.
2025-04-30 22:56:11 [TestNG-tests-2] INFO  com.ecommerce.utility.Log - Checking login title visibility.
2025-04-30 22:56:12 [TestNG-tests-2] INFO  com.ecommerce.utility.Log - Entering email and password.
2025-04-30 22:56:12 [TestNG-tests-3] INFO  com.ecommerce.utility.Log - Checking login title visibility.
2025-04-30 22:56:12 [TestNG-tests-3] INFO  com.ecommerce.utility.Log - Entering email and password.
2025-04-30 22:56:14 [TestNG-tests-2] INFO  com.ecommerce.utility.Log - Verifying logged in username. Expected: Dinesh Paul, Actual: Dinesh Paul
2025-04-30 22:56:14 [TestNG-tests-2] INFO  com.ecommerce.utility.Log - ---- ENDING TEST CASE: verifyLogin ----
2025-04-30 22:56:14 [TestNG-tests-2] INFO  com.ecommerce.utility.Log - Closing browser...
2025-04-30 22:56:18 [TestNG-tests-1] INFO  com.ecommerce.utility.Log - Navigating to login page.
2025-04-30 22:56:20 [TestNG-tests-1] INFO  com.ecommerce.utility.Log - Checking login title visibility.
2025-04-30 22:56:20 [TestNG-tests-1] INFO  com.ecommerce.utility.Log - Entering email and password.
2025-04-30 22:56:34 [TestNG-tests-1] INFO  com.ecommerce.utility.Log - Verifying logged in username. Expected: Dinesh Paul, Actual: Dinesh Paul
2025-04-30 22:56:34 [TestNG-tests-1] INFO  com.ecommerce.utility.Log - ---- ENDING TEST CASE: verifyLogin ----
2025-04-30 22:56:35 [TestNG-tests-1] INFO  com.ecommerce.utility.Log - Closing browser...
2025-04-30 22:58:34 [TestNG-tests-3] ERROR com.ecommerce.utility.Log - Test Failed: verifyLogin
2025-04-30 22:58:35 [main] INFO  com.ecommerce.utility.Log - === END SUITE === Automation Test Suite Finished
2025-04-30 23:00:27 [main] INFO  com.ecommerce.utility.Log - Trying to load config from: /Users/dkundu/eclipse-workspace/EcommerceProject/Configuration/Config.properties
2025-04-30 23:00:27 [main] INFO  com.ecommerce.utility.Log - Loaded configuration properties.
2025-04-30 23:00:27 [main] INFO  com.ecommerce.utility.Log - === START SUITE === Automation Test Suite Started
2025-04-30 23:00:27 [TestNG-tests-2] INFO  com.ecommerce.utility.Log - Launching browser: Firefox
2025-04-30 23:00:27 [TestNG-tests-3] INFO  com.ecommerce.utility.Log - Launching browser: Edge
2025-04-30 23:00:27 [TestNG-tests-1] INFO  com.ecommerce.utility.Log - Launching browser: Chrome
2025-04-30 23:00:34 [TestNG-tests-1] INFO  com.ecommerce.utility.Log - Navigated to: https://www.automationexercise.com/
2025-04-30 23:00:35 [TestNG-tests-1] INFO  com.ecommerce.utility.Log - ---- STARTING TEST CASE: verifyLogin ----
2025-04-30 23:00:35 [TestNG-tests-1] INFO  com.ecommerce.utility.Log - LoginPage object initialized.
2025-04-30 23:00:35 [TestNG-tests-1] INFO  com.ecommerce.utility.Log - Verifying home page visibility.
2025-04-30 23:00:43 [TestNG-tests-3] INFO  com.ecommerce.utility.Log - Navigated to: https://www.automationexercise.com/
2025-04-30 23:00:43 [TestNG-tests-3] INFO  com.ecommerce.utility.Log - ---- STARTING TEST CASE: verifyLogin ----
2025-04-30 23:00:43 [TestNG-tests-3] INFO  com.ecommerce.utility.Log - LoginPage object initialized.
2025-04-30 23:00:43 [TestNG-tests-3] INFO  com.ecommerce.utility.Log - Verifying home page visibility.
2025-04-30 23:00:43 [TestNG-tests-3] INFO  com.ecommerce.utility.Log - Navigating to login page.
2025-04-30 23:00:45 [TestNG-tests-3] INFO  com.ecommerce.utility.Log - Checking login title visibility.
2025-04-30 23:00:45 [TestNG-tests-3] INFO  com.ecommerce.utility.Log - Entering email and password.
2025-04-30 23:00:45 [TestNG-tests-1] INFO  com.ecommerce.utility.Log - Navigating to login page.
2025-04-30 23:00:48 [TestNG-tests-2] INFO  com.ecommerce.utility.Log - Navigated to: https://www.automationexercise.com/
2025-04-30 23:00:48 [TestNG-tests-2] INFO  com.ecommerce.utility.Log - ---- STARTING TEST CASE: verifyLogin ----
2025-04-30 23:00:48 [TestNG-tests-2] INFO  com.ecommerce.utility.Log - LoginPage object initialized.
2025-04-30 23:00:48 [TestNG-tests-2] INFO  com.ecommerce.utility.Log - Verifying home page visibility.
2025-04-30 23:00:48 [TestNG-tests-2] INFO  com.ecommerce.utility.Log - Navigating to login page.
2025-04-30 23:00:48 [TestNG-tests-2] INFO  com.ecommerce.utility.Log - Checking login title visibility.
2025-04-30 23:00:48 [TestNG-tests-1] INFO  com.ecommerce.utility.Log - Checking login title visibility.
2025-04-30 23:00:48 [TestNG-tests-1] INFO  com.ecommerce.utility.Log - Entering email and password.
2025-04-30 23:00:49 [TestNG-tests-3] INFO  com.ecommerce.utility.Log - Verifying logged in username. Expected: Dinesh Paul, Actual: Dinesh Paul
2025-04-30 23:00:49 [TestNG-tests-3] INFO  com.ecommerce.utility.Log - ---- ENDING TEST CASE: verifyLogin ----
2025-04-30 23:00:49 [TestNG-tests-3] INFO  com.ecommerce.utility.Log - Closing browser...
2025-04-30 23:00:52 [TestNG-tests-2] INFO  com.ecommerce.utility.Log - Entering email and password.
2025-04-30 23:00:52 [TestNG-tests-1] INFO  com.ecommerce.utility.Log - Verifying logged in username. Expected: Dinesh Paul, Actual: Dinesh Paul
2025-04-30 23:00:52 [TestNG-tests-1] INFO  com.ecommerce.utility.Log - ---- ENDING TEST CASE: verifyLogin ----
2025-04-30 23:00:52 [TestNG-tests-1] INFO  com.ecommerce.utility.Log - Closing browser...
2025-04-30 23:00:54 [TestNG-tests-2] INFO  com.ecommerce.utility.Log - Verifying logged in username. Expected: Dinesh Paul, Actual: Dinesh Paul
2025-04-30 23:00:54 [TestNG-tests-2] INFO  com.ecommerce.utility.Log - ---- ENDING TEST CASE: verifyLogin ----
2025-04-30 23:00:54 [TestNG-tests-2] INFO  com.ecommerce.utility.Log - Closing browser...
2025-04-30 23:00:55 [main] INFO  com.ecommerce.utility.Log - === END SUITE === Automation Test Suite Finished
2025-05-01 10:55:53 [main] INFO  com.ecommerce.utility.Log - Trying to load config from: /Users/dkundu/eclipse-workspace/EcommerceProject/Configuration/Config.properties
2025-05-01 10:55:53 [main] INFO  com.ecommerce.utility.Log - Loaded configuration properties.
2025-05-01 10:55:53 [main] INFO  com.ecommerce.utility.Log - === START SUITE === Automation Test Suite Started
2025-05-01 10:55:53 [TestNG-tests-3] INFO  com.ecommerce.utility.Log - Launching browser: Edge
2025-05-01 10:55:53 [TestNG-tests-1] INFO  com.ecommerce.utility.Log - Launching browser: Chrome
2025-05-01 10:55:53 [TestNG-tests-2] INFO  com.ecommerce.utility.Log - Launching browser: Firefox
2025-05-01 10:56:02 [TestNG-tests-1] INFO  com.ecommerce.utility.Log - Navigated to: https://www.automationexercise.com/
2025-05-01 10:56:03 [TestNG-tests-1] INFO  com.ecommerce.utility.Log - ---- STARTING TEST CASE: verifyLogin ----
2025-05-01 10:56:03 [TestNG-tests-1] INFO  com.ecommerce.utility.Log - LoginPage object initialized.
2025-05-01 10:56:03 [TestNG-tests-1] INFO  com.ecommerce.utility.Log - Verifying home page visibility.
2025-05-01 10:56:03 [TestNG-tests-1] INFO  com.ecommerce.utility.Log - Navigating to login page.
2025-05-01 10:56:04 [TestNG-tests-1] INFO  com.ecommerce.utility.Log - Checking login title visibility.
2025-05-01 10:56:04 [TestNG-tests-1] INFO  com.ecommerce.utility.Log - Entering email and password.
2025-05-01 10:56:05 [TestNG-tests-3] INFO  com.ecommerce.utility.Log - Navigated to: https://www.automationexercise.com/
2025-05-01 10:56:05 [TestNG-tests-3] INFO  com.ecommerce.utility.Log - ---- STARTING TEST CASE: verifyLogin ----
2025-05-01 10:56:05 [TestNG-tests-3] INFO  com.ecommerce.utility.Log - LoginPage object initialized.
2025-05-01 10:56:05 [TestNG-tests-3] INFO  com.ecommerce.utility.Log - Verifying home page visibility.
2025-05-01 10:56:05 [TestNG-tests-3] INFO  com.ecommerce.utility.Log - Navigating to login page.
2025-05-01 10:56:06 [TestNG-tests-2] INFO  com.ecommerce.utility.Log - Navigated to: https://www.automationexercise.com/
2025-05-01 10:56:06 [TestNG-tests-2] INFO  com.ecommerce.utility.Log - ---- STARTING TEST CASE: verifyLogin ----
2025-05-01 10:56:06 [TestNG-tests-2] INFO  com.ecommerce.utility.Log - LoginPage object initialized.
2025-05-01 10:56:06 [TestNG-tests-2] INFO  com.ecommerce.utility.Log - Verifying home page visibility.
2025-05-01 10:56:06 [TestNG-tests-2] INFO  com.ecommerce.utility.Log - Navigating to login page.
2025-05-01 10:56:06 [TestNG-tests-2] INFO  com.ecommerce.utility.Log - Checking login title visibility.
2025-05-01 10:56:07 [TestNG-tests-2] INFO  com.ecommerce.utility.Log - Entering email and password.
2025-05-01 10:56:07 [TestNG-tests-1] INFO  com.ecommerce.utility.Log - Verifying logged in username. Expected: Dinesh Paul, Actual: Dinesh Paul
2025-05-01 10:56:07 [TestNG-tests-1] INFO  com.ecommerce.utility.Log - ---- ENDING TEST CASE: verifyLogin ----
2025-05-01 10:56:07 [TestNG-tests-1] INFO  com.ecommerce.utility.Log - Closing browser...
2025-05-01 10:56:07 [TestNG-tests-3] INFO  com.ecommerce.utility.Log - Checking login title visibility.
2025-05-01 10:56:07 [TestNG-tests-3] INFO  com.ecommerce.utility.Log - Entering email and password.
2025-05-01 10:56:07 [TestNG-tests-1] INFO  com.ecommerce.utility.Log - Launching browser: Chrome
2025-05-01 10:56:08 [TestNG-tests-2] INFO  com.ecommerce.utility.Log - Verifying logged in username. Expected: Dinesh Paul, Actual: Dinesh Paul
2025-05-01 10:56:08 [TestNG-tests-2] INFO  com.ecommerce.utility.Log - ---- ENDING TEST CASE: verifyLogin ----
2025-05-01 10:56:08 [TestNG-tests-2] INFO  com.ecommerce.utility.Log - Closing browser...
2025-05-01 10:56:10 [TestNG-tests-3] INFO  com.ecommerce.utility.Log - Verifying logged in username. Expected: Dinesh Paul, Actual: Dinesh Paul
2025-05-01 10:56:10 [TestNG-tests-3] INFO  com.ecommerce.utility.Log - ---- ENDING TEST CASE: verifyLogin ----
2025-05-01 10:56:10 [TestNG-tests-3] INFO  com.ecommerce.utility.Log - Closing browser...
2025-05-01 10:56:14 [TestNG-tests-1] INFO  com.ecommerce.utility.Log - Navigated to: https://www.automationexercise.com/
2025-05-01 10:56:14 [TestNG-tests-1] INFO  com.ecommerce.testcases.RegisterUserTest - Navigating to Signup/Login Page...
2025-05-01 10:56:16 [TestNG-tests-1] INFO  com.ecommerce.testcases.RegisterUserTest - Entering signup details with name: John Doe and email: john.doe@test.com
2025-05-01 10:56:16 [TestNG-tests-1] INFO  com.ecommerce.testcases.RegisterUserTest - Filling user registration details...
2025-05-01 10:57:09 [TestNG-tests-1] ERROR com.ecommerce.utility.Log - Test Failed: registerUser
2025-05-01 10:57:09 [TestNG-tests-1] INFO  com.ecommerce.utility.Log - Closing browser...
2025-05-01 10:57:09 [TestNG-tests-1] INFO  com.ecommerce.utility.Log - Launching browser: Chrome
2025-05-01 10:57:17 [TestNG-tests-1] INFO  com.ecommerce.utility.Log - Navigated to: https://www.automationexercise.com/
2025-05-01 10:57:17 [TestNG-tests-1] INFO  com.ecommerce.testcases.RegisterUserTest - Navigating to Signup/Login Page...
2025-05-01 10:57:19 [TestNG-tests-1] INFO  com.ecommerce.testcases.RegisterUserTest - Entering signup details with name: Jane Roe and email: jane.roe@test.com
2025-05-01 10:57:19 [TestNG-tests-1] INFO  com.ecommerce.testcases.RegisterUserTest - Filling user registration details...
2025-05-01 10:57:46 [TestNG-tests-1] INFO  com.ecommerce.testcases.RegisterUserTest - Verifying account creation...
2025-05-01 10:57:46 [TestNG-tests-1] INFO  com.ecommerce.testcases.RegisterUserTest - Account created successfully.
2025-05-01 10:57:46 [TestNG-tests-1] INFO  com.ecommerce.testcases.RegisterUserTest - Attempting to delete the created account...
2025-05-01 10:58:38 [TestNG-tests-1] ERROR com.ecommerce.utility.Log - Test Failed: registerUser
2025-05-01 10:58:38 [TestNG-tests-1] INFO  com.ecommerce.utility.Log - Closing browser...
2025-05-01 10:58:38 [main] INFO  com.ecommerce.utility.Log - === END SUITE === Automation Test Suite Finished
2025-05-01 22:45:03 [main] INFO  com.ecommerce.utility.Log - Trying to load config from: /Users/dkundu/eclipse-workspace/EcommerceProject/Configuration/Config.properties
2025-05-01 22:45:03 [main] INFO  com.ecommerce.utility.Log - Loaded configuration properties.
2025-05-01 22:45:03 [main] INFO  com.ecommerce.utility.Log - === START SUITE === Automation Test Suite Started
2025-05-01 22:45:03 [TestNG-tests-1] INFO  com.ecommerce.utility.Log - Launching browser: Chrome
2025-05-01 22:45:03 [TestNG-tests-2] INFO  com.ecommerce.utility.Log - Launching browser: Firefox
2025-05-01 22:45:03 [TestNG-tests-3] INFO  com.ecommerce.utility.Log - Launching browser: Edge
2025-05-01 22:45:42 [TestNG-tests-3] INFO  com.ecommerce.utility.Log - Navigated to: https://www.automationexercise.com/
2025-05-01 22:45:42 [TestNG-tests-3] INFO  com.ecommerce.utility.Log - ---- STARTING TEST CASE: verifyLogin ----
2025-05-01 22:45:42 [TestNG-tests-3] INFO  com.ecommerce.utility.Log - LoginPage object initialized.
2025-05-01 22:45:42 [TestNG-tests-3] INFO  com.ecommerce.utility.Log - Verifying home page visibility.
2025-05-01 22:45:42 [TestNG-tests-3] INFO  com.ecommerce.utility.Log - Navigating to login page.
2025-05-01 22:45:45 [TestNG-tests-3] INFO  com.ecommerce.utility.Log - Checking login title visibility.
2025-05-01 22:45:45 [TestNG-tests-3] INFO  com.ecommerce.utility.Log - Entering email and password.
2025-05-01 22:45:49 [TestNG-tests-3] INFO  com.ecommerce.utility.Log - Verifying logged in username. Expected: Dinesh Paul, Actual: Dinesh Paul
2025-05-01 22:45:49 [TestNG-tests-3] INFO  com.ecommerce.utility.Log - ---- ENDING TEST CASE: verifyLogin ----
2025-05-01 22:45:49 [TestNG-tests-3] INFO  com.ecommerce.utility.Log - Closing browser...
2025-05-01 22:45:51 [TestNG-tests-1] INFO  com.ecommerce.utility.Log - Navigated to: https://www.automationexercise.com/
2025-05-01 22:45:51 [TestNG-tests-1] INFO  com.ecommerce.utility.Log - ---- STARTING TEST CASE: verifyLogin ----
2025-05-01 22:45:51 [TestNG-tests-1] INFO  com.ecommerce.utility.Log - LoginPage object initialized.
2025-05-01 22:45:51 [TestNG-tests-1] INFO  com.ecommerce.utility.Log - Verifying home page visibility.
2025-05-01 22:45:51 [TestNG-tests-1] INFO  com.ecommerce.utility.Log - Navigating to login page.
2025-05-01 22:45:53 [TestNG-tests-1] INFO  com.ecommerce.utility.Log - Checking login title visibility.
2025-05-01 22:45:53 [TestNG-tests-1] INFO  com.ecommerce.utility.Log - Entering email and password.
2025-05-01 22:45:53 [TestNG-tests-2] INFO  com.ecommerce.utility.Log - Navigated to: https://www.automationexercise.com/
2025-05-01 22:45:53 [TestNG-tests-2] INFO  com.ecommerce.utility.Log - ---- STARTING TEST CASE: verifyLogin ----
2025-05-01 22:45:53 [TestNG-tests-2] INFO  com.ecommerce.utility.Log - LoginPage object initialized.
2025-05-01 22:45:53 [TestNG-tests-2] INFO  com.ecommerce.utility.Log - Verifying home page visibility.
2025-05-01 22:45:53 [TestNG-tests-2] INFO  com.ecommerce.utility.Log - Navigating to login page.
2025-05-01 22:45:53 [TestNG-tests-2] INFO  com.ecommerce.utility.Log - Checking login title visibility.
2025-05-01 22:45:54 [TestNG-tests-2] INFO  com.ecommerce.utility.Log - Entering email and password.
2025-05-01 22:45:55 [TestNG-tests-2] INFO  com.ecommerce.utility.Log - Verifying logged in username. Expected: Dinesh Paul, Actual: Dinesh Paul
2025-05-01 22:45:55 [TestNG-tests-2] INFO  com.ecommerce.utility.Log - ---- ENDING TEST CASE: verifyLogin ----
2025-05-01 22:45:55 [TestNG-tests-2] INFO  com.ecommerce.utility.Log - Closing browser...
2025-05-01 22:46:03 [TestNG-tests-1] INFO  com.ecommerce.utility.Log - Verifying logged in username. Expected: Dinesh Paul, Actual: Dinesh Paul
2025-05-01 22:46:03 [TestNG-tests-1] INFO  com.ecommerce.utility.Log - ---- ENDING TEST CASE: verifyLogin ----
2025-05-01 22:46:03 [TestNG-tests-1] INFO  com.ecommerce.utility.Log - Closing browser...
2025-05-01 22:46:03 [TestNG-tests-1] INFO  com.ecommerce.utility.Log - Launching browser: Chrome
2025-05-01 22:46:54 [TestNG-tests-1] INFO  com.ecommerce.utility.Log - Navigated to: https://www.automationexercise.com/
2025-05-01 22:46:54 [TestNG-tests-1] INFO  com.ecommerce.utility.Log - ---- STARTING TEST CASE: resiterUser ----
2025-05-01 22:46:54 [TestNG-tests-1] INFO  com.ecommerce.testcases.RegisterUserTest - Navigating to Signup/Login Page...
2025-05-01 22:46:55 [TestNG-tests-1] INFO  com.ecommerce.testcases.RegisterUserTest - Entering signup details with name: Jane Roe and email: jane.roe1@test.com
2025-05-01 22:46:56 [TestNG-tests-1] INFO  com.ecommerce.testcases.RegisterUserTest - Filling user registration details...
2025-05-01 22:47:21 [TestNG-tests-1] INFO  com.ecommerce.testcases.RegisterUserTest - Verifying account creation...
2025-05-01 22:47:21 [TestNG-tests-1] INFO  com.ecommerce.testcases.RegisterUserTest - Account created successfully.
2025-05-01 22:47:35 [TestNG-tests-1] INFO  com.ecommerce.testcases.RegisterUserTest - Attempting to delete the created account...
2025-05-01 22:47:37 [TestNG-tests-1] INFO  com.ecommerce.testcases.RegisterUserTest - Account deleted successfully.
2025-05-01 22:47:51 [TestNG-tests-1] INFO  com.ecommerce.utility.Log - ---- ENDING TEST CASE: resiterUser ----
2025-05-01 22:47:51 [TestNG-tests-1] INFO  com.ecommerce.utility.Log - Closing browser...
2025-05-01 22:47:51 [main] INFO  com.ecommerce.utility.Log - === END SUITE === Automation Test Suite Finished
