2025-06-04 08:59:55 [main] INFO  com.ecommerce.utility.Log - Loading configuration properties...
2025-06-04 08:59:55 [main] INFO  com.ecommerce.utility.Log - Loaded configuration properties.
2025-06-04 08:59:55 [main] INFO  com.ecommerce.utility.Log - === START SUITE === Automation Test Suite Started
2025-06-04 08:59:55 [main] INFO  com.ecommerce.utility.Log - Launching browser: Chrome
2025-06-04 09:00:02 [main] INFO  com.ecommerce.utility.Log - Navigated to: https://www.automationexercise.com/
2025-06-04 09:00:02 [main] INFO  com.ecommerce.testcases.CartTest - ===== Starting Test: addMultipleProductsToCartTest =====
2025-06-04 09:00:02 [main] DEBUG com.ecommerce.testcases.CartTest - Page title: Automation Exercise
2025-06-04 09:00:02 [main] INFO  com.ecommerce.testcases.CartTest - Step 1 passed: Home page loaded successfully.
2025-06-04 09:00:02 [main] DEBUG com.ecommerce.testcases.CartTest - AddToCartPage object instantiated.
2025-06-04 09:00:11 [main] INFO  com.ecommerce.utility.Log - Clicked on element: [[ChromeDriver: chrome on mac (ed6b372df4e5fb7dc83a870217d8a80d)] -> xpath: //a[@href='/products']]
2025-06-04 09:00:11 [main] INFO  com.ecommerce.pageobjects.CartPage - Clicked on Products button.
2025-06-04 09:00:11 [main] INFO  com.ecommerce.testcases.CartTest - Clicked on Products button.
2025-06-04 09:00:11 [main] DEBUG com.ecommerce.testcases.CartTest - Current URL: https://www.automationexercise.com/products
2025-06-04 09:00:11 [main] INFO  com.ecommerce.testcases.CartTest - Step 2 passed: Navigated to Products page successfully.
2025-06-04 09:00:11 [main] INFO  com.ecommerce.utility.Log - Mouse hovered on element
2025-06-04 09:00:11 [main] INFO  com.ecommerce.utility.Log - JS Clicked element
2025-06-04 09:00:11 [main] INFO  com.ecommerce.pageobjects.CartPage - First product added to cart.
2025-06-04 09:00:11 [main] INFO  com.ecommerce.testcases.CartTest - Step 3 passed: First product added to cart.
2025-06-04 09:00:12 [main] INFO  com.ecommerce.utility.Log - Clicked on element: [[ChromeDriver: chrome on mac (ed6b372df4e5fb7dc83a870217d8a80d)] -> xpath: //button[text()='Continue Shopping']]
2025-06-04 09:00:12 [main] INFO  com.ecommerce.pageobjects.CartPage - Clicked on Continue Shopping button.
2025-06-04 09:00:12 [main] INFO  com.ecommerce.testcases.CartTest - Step 4 passed: Clicked Continue Shopping.
2025-06-04 09:00:12 [main] INFO  com.ecommerce.utility.Log - Mouse hovered on element
2025-06-04 09:00:12 [main] INFO  com.ecommerce.utility.Log - JS Clicked element
2025-06-04 09:00:12 [main] INFO  com.ecommerce.pageobjects.CartPage - Second product added to cart.
2025-06-04 09:00:12 [main] INFO  com.ecommerce.testcases.CartTest - Step 5 passed: Second product added to cart.
2025-06-04 09:00:26 [main] INFO  com.ecommerce.utility.Log - Clicked on element: Proxy element for: DefaultElementLocator 'By.xpath: //u[text()='View Cart']'
2025-06-04 09:00:26 [main] INFO  com.ecommerce.pageobjects.CartPage - Clicked on View Cart button.
2025-06-04 09:00:26 [main] INFO  com.ecommerce.testcases.CartTest - Step 6 passed: Clicked View Cart.
2025-06-04 09:00:26 [main] INFO  com.ecommerce.pageobjects.CartPage - Retrieved list of cart products. Count: 2
2025-06-04 09:00:27 [main] DEBUG com.ecommerce.testcases.CartTest - Number of products in cart: 2
2025-06-04 09:00:27 [main] INFO  com.ecommerce.testcases.CartTest - Step 7 passed: Verified both products are added to cart.
2025-06-04 09:00:27 [main] INFO  com.ecommerce.pageobjects.CartPage - Retrieved product prices from cart.
2025-06-04 09:00:27 [main] INFO  com.ecommerce.pageobjects.CartPage - Retrieved product quantities from cart.
2025-06-04 09:00:27 [main] INFO  com.ecommerce.pageobjects.CartPage - Retrieved total prices from cart.
2025-06-04 09:00:27 [main] DEBUG com.ecommerce.testcases.CartTest - Product 1: Price = 500, Quantity = 1, Total = 500
2025-06-04 09:00:27 [main] DEBUG com.ecommerce.testcases.CartTest - Product 2: Price = 400, Quantity = 1, Total = 400
2025-06-04 09:00:27 [main] INFO  com.ecommerce.testcases.CartTest - Step 8 passed: Verified prices, quantities, and total prices for all products.
2025-06-04 09:00:27 [main] INFO  com.ecommerce.testcases.CartTest - ===== Test Passed: addMultipleProductsToCartTest =====
2025-06-04 09:00:27 [main] INFO  com.ecommerce.utility.Log - Closing browser...
2025-06-04 09:00:27 [main] INFO  com.ecommerce.utility.Log - === END SUITE === Automation Test Suite Finished
