2025-07-27 00:59:12 [main] INFO  com.ecommerce.utility.Log - Loading configuration properties...
2025-07-27 00:59:12 [main] INFO  com.ecommerce.utility.Log - Loaded configuration properties.
2025-07-27 00:59:12 [main] INFO  com.ecommerce.utility.Log - === START SUITE === Automation Test Suite Started
2025-07-27 00:59:12 [TestNG-tests-1] INFO  com.ecommerce.utility.Log - Launching browser: chrome
2025-07-27 00:59:19 [TestNG-tests-1] INFO  com.ecommerce.utility.Log - Navigated to: https://www.automationexercise.com/
2025-07-27 00:59:19 [TestNG-tests-1] INFO  com.ecommerce.testcases.LoginPageTest - ===== Starting Test: verifyInvalidLogin =====
2025-07-27 00:59:21 [TestNG-tests-1] INFO  com.ecommerce.utility.Log - Clicked on element: [[ChromeDriver: chrome on mac (dc952d016f3d8d6879bdf138ea20e416)] -> xpath: //a[contains(text(),'Signup / Login')]]
2025-07-27 00:59:21 [TestNG-tests-1] INFO  com.ecommerce.pageobjects.LoginPage - Clicked on Signup/Login link.
2025-07-27 00:59:21 [TestNG-tests-1] INFO  com.ecommerce.pageobjects.LoginPage - Login form title is visible.
2025-07-27 00:59:21 [TestNG-tests-1] DEBUG com.ecommerce.pageobjects.LoginPage - Attempting to enter email: invalid@example.com
2025-07-27 00:59:21 [TestNG-tests-1] INFO  com.ecommerce.utility.Log - Typed text: invalid@example.com
2025-07-27 00:59:21 [TestNG-tests-1] DEBUG com.ecommerce.pageobjects.LoginPage - Attempting to enter password.
2025-07-27 00:59:21 [TestNG-tests-1] INFO  com.ecommerce.utility.Log - Typed text: wrongpassword
2025-07-27 00:59:21 [TestNG-tests-1] INFO  com.ecommerce.pageobjects.LoginPage - Clicking Login button.
2025-07-27 00:59:23 [TestNG-tests-1] INFO  com.ecommerce.utility.Log - Clicked on element: [[ChromeDriver: chrome on mac (dc952d016f3d8d6879bdf138ea20e416)] -> xpath: //button[@data-qa='login-button']]
2025-07-27 00:59:23 [TestNG-tests-1] INFO  com.ecommerce.pageobjects.LoginPage - Login submitted successfully.
2025-07-27 00:59:23 [TestNG-tests-1] INFO  com.ecommerce.pageobjects.LoginPage - Login error message displayed: Your email or password is incorrect!
2025-07-27 00:59:23 [TestNG-tests-1] INFO  com.ecommerce.testcases.LoginPageTest - Invalid login error message verified for email: invalid@example.com
2025-07-27 00:59:25 [TestNG-tests-1] INFO  com.ecommerce.utility.Log - Clicked on element: [[ChromeDriver: chrome on mac (dc952d016f3d8d6879bdf138ea20e416)] -> xpath: //a[contains(text(),'Signup / Login')]]
2025-07-27 00:59:25 [TestNG-tests-1] INFO  com.ecommerce.pageobjects.LoginPage - Clicked on Signup/Login link.
2025-07-27 00:59:25 [TestNG-tests-1] INFO  com.ecommerce.pageobjects.LoginPage - Login form title is visible.
2025-07-27 00:59:25 [TestNG-tests-1] DEBUG com.ecommerce.pageobjects.LoginPage - Attempting to enter email: Dpaul01@yopmail.com
2025-07-27 00:59:25 [TestNG-tests-1] INFO  com.ecommerce.utility.Log - Typed text: Dpaul01@yopmail.com
2025-07-27 00:59:25 [TestNG-tests-1] DEBUG com.ecommerce.pageobjects.LoginPage - Attempting to enter password.
2025-07-27 00:59:25 [TestNG-tests-1] INFO  com.ecommerce.utility.Log - Typed text: wrongpassword
2025-07-27 00:59:25 [TestNG-tests-1] INFO  com.ecommerce.pageobjects.LoginPage - Clicking Login button.
2025-07-27 00:59:28 [TestNG-tests-1] INFO  com.ecommerce.utility.Log - Clicked on element: [[ChromeDriver: chrome on mac (dc952d016f3d8d6879bdf138ea20e416)] -> xpath: //button[@data-qa='login-button']]
2025-07-27 00:59:28 [TestNG-tests-1] INFO  com.ecommerce.pageobjects.LoginPage - Login submitted successfully.
2025-07-27 00:59:28 [TestNG-tests-1] INFO  com.ecommerce.pageobjects.LoginPage - Login error message displayed: Your email or password is incorrect!
2025-07-27 00:59:28 [TestNG-tests-1] INFO  com.ecommerce.testcases.LoginPageTest - Invalid login error message verified for email: Dpaul01@yopmail.com
2025-07-27 00:59:28 [TestNG-tests-1] INFO  com.ecommerce.testcases.LoginPageTest - ===== Test Passed: verifyInvalidLogin =====
2025-07-27 00:59:28 [TestNG-tests-1] INFO  com.ecommerce.utility.Log - Closing browser...
2025-07-27 00:59:28 [TestNG-tests-1] INFO  com.ecommerce.utility.Log - Launching browser: chrome
2025-07-27 00:59:33 [TestNG-tests-1] INFO  com.ecommerce.utility.Log - Navigated to: https://www.automationexercise.com/
2025-07-27 00:59:33 [TestNG-tests-1] INFO  com.ecommerce.testcases.LoginPageTest - ===== Starting Test: verifyLogin =====
2025-07-27 00:59:33 [TestNG-tests-1] DEBUG com.ecommerce.testcases.LoginPageTest - Using email: Dpaul01@yopmail.com and password: [HIDDEN]
2025-07-27 00:59:33 [TestNG-tests-1] INFO  com.ecommerce.pageobjects.LoginPage - Homepage logo visibility check passed.
2025-07-27 00:59:33 [TestNG-tests-1] DEBUG com.ecommerce.pageobjects.LoginPage - Logo displayed: true
2025-07-27 00:59:33 [TestNG-tests-1] INFO  com.ecommerce.testcases.LoginPageTest - Step 1 passed: Homepage is visible.
2025-07-27 00:59:37 [TestNG-tests-1] INFO  com.ecommerce.utility.Log - Clicked on element: [[ChromeDriver: chrome on mac (80095aa3a8e6edad5127ad3058d7f439)] -> xpath: //a[contains(text(),'Signup / Login')]]
2025-07-27 00:59:37 [TestNG-tests-1] INFO  com.ecommerce.pageobjects.LoginPage - Clicked on Signup/Login link.
2025-07-27 00:59:37 [TestNG-tests-1] INFO  com.ecommerce.testcases.LoginPageTest - Step 2 passed: Navigated to login page.
2025-07-27 00:59:37 [TestNG-tests-1] INFO  com.ecommerce.pageobjects.LoginPage - Login form title is visible.
2025-07-27 00:59:37 [TestNG-tests-1] INFO  com.ecommerce.testcases.LoginPageTest - Step 3 passed: Login form title is visible.
2025-07-27 00:59:37 [TestNG-tests-1] DEBUG com.ecommerce.pageobjects.LoginPage - Attempting to enter email: Dpaul01@yopmail.com
2025-07-27 00:59:37 [TestNG-tests-1] INFO  com.ecommerce.utility.Log - Typed text: Dpaul01@yopmail.com
2025-07-27 00:59:37 [TestNG-tests-1] DEBUG com.ecommerce.pageobjects.LoginPage - Attempting to enter password.
2025-07-27 00:59:37 [TestNG-tests-1] INFO  com.ecommerce.utility.Log - Typed text: Test01@$
2025-07-27 00:59:37 [TestNG-tests-1] INFO  com.ecommerce.pageobjects.LoginPage - Clicking Login button.
2025-07-27 01:00:19 [TestNG-tests-1] INFO  com.ecommerce.utility.Log - Clicked on element: Proxy element for: DefaultElementLocator 'By.xpath: //button[@data-qa='login-button']'
2025-07-27 01:00:19 [TestNG-tests-1] INFO  com.ecommerce.pageobjects.LoginPage - Login submitted successfully.
2025-07-27 01:00:19 [TestNG-tests-1] INFO  com.ecommerce.testcases.LoginPageTest - Step 4 passed: Login attempted with valid credentials.
2025-07-27 01:00:19 [TestNG-tests-1] INFO  com.ecommerce.pageobjects.LoginPage - Retrieved logged-in username.
2025-07-27 01:00:19 [TestNG-tests-1] DEBUG com.ecommerce.pageobjects.LoginPage - Username extracted: Dinesh Paul
2025-07-27 01:00:19 [TestNG-tests-1] DEBUG com.ecommerce.testcases.LoginPageTest - Expected username: Dinesh Paul, Actual: Dinesh Paul
2025-07-27 01:00:19 [TestNG-tests-1] INFO  com.ecommerce.testcases.LoginPageTest - Step 5 passed: Logged-in username verified successfully.
2025-07-27 01:00:19 [TestNG-tests-1] INFO  com.ecommerce.testcases.LoginPageTest - ===== Test Passed: verifyLogin =====
2025-07-27 01:00:19 [TestNG-tests-1] INFO  com.ecommerce.utility.Log - Closing browser...
2025-07-27 01:00:19 [TestNG-tests-1] INFO  com.ecommerce.utility.Log - Loaded sheet: Sheet1, Rows: 2
2025-07-27 01:00:19 [TestNG-tests-1] INFO  com.ecommerce.utility.Log - Launching browser: chrome
2025-07-27 01:00:26 [TestNG-tests-1] INFO  com.ecommerce.utility.Log - Navigated to: https://www.automationexercise.com/
2025-07-27 01:00:26 [TestNG-tests-1] INFO  com.ecommerce.testcases.RegisterUserTest - ===== Starting Test: registerUser =====
2025-07-27 01:00:26 [TestNG-tests-1] DEBUG com.ecommerce.testcases.RegisterUserTest - RegisterPage object instantiated.
2025-07-27 01:00:28 [TestNG-tests-1] INFO  com.ecommerce.utility.Log - Clicked on element: [[ChromeDriver: chrome on mac (4221220dad7037d37f76d7aa0b3e28ea)] -> xpath: //a[contains(text(),'Signup / Login')]]
2025-07-27 01:00:28 [TestNG-tests-1] INFO  com.ecommerce.pageobjects.RegisterPage - Clicked on Signup/Login link.
2025-07-27 01:00:28 [TestNG-tests-1] INFO  com.ecommerce.testcases.RegisterUserTest - Step 1 passed: Navigated to Signup/Login page.
2025-07-27 01:00:28 [TestNG-tests-1] DEBUG com.ecommerce.testcases.RegisterUserTest - Entering name: Jane Roe and email: jane.roe1@test.com
2025-07-27 01:00:28 [TestNG-tests-1] DEBUG com.ecommerce.pageobjects.RegisterPage - Entering signup name: Jane Roe
2025-07-27 01:00:28 [TestNG-tests-1] INFO  com.ecommerce.utility.Log - Typed text: Jane Roe
2025-07-27 01:00:28 [TestNG-tests-1] DEBUG com.ecommerce.pageobjects.RegisterPage - Entering signup email: jane.roe1@test.com
2025-07-27 01:00:28 [TestNG-tests-1] INFO  com.ecommerce.utility.Log - Typed text: jane.roe1@test.com
2025-07-27 01:00:38 [TestNG-tests-1] INFO  com.ecommerce.utility.Log - Clicked on element: Proxy element for: DefaultElementLocator 'By.xpath: //button[contains(text(),'Signup')]'
2025-07-27 01:00:38 [TestNG-tests-1] INFO  com.ecommerce.pageobjects.RegisterPage - Signup details submitted.
2025-07-27 01:00:38 [TestNG-tests-1] INFO  com.ecommerce.testcases.RegisterUserTest - Step 2 passed: Signup details submitted.
2025-07-27 01:00:38 [TestNG-tests-1] INFO  com.ecommerce.utility.Log - Clicked on element: [[ChromeDriver: chrome on mac (4221220dad7037d37f76d7aa0b3e28ea)] -> id: id_gender2]
2025-07-27 01:00:38 [TestNG-tests-1] DEBUG com.ecommerce.pageobjects.RegisterPage - Selected title: Mrs
2025-07-27 01:00:38 [TestNG-tests-1] INFO  com.ecommerce.utility.Log - Typed text: pass@456
2025-07-27 01:00:38 [TestNG-tests-1] DEBUG com.ecommerce.pageobjects.RegisterPage - Selecting DOB: 12-March-1985
2025-07-27 01:00:39 [TestNG-tests-1] INFO  com.ecommerce.utility.Log - Clicked on element: [[ChromeDriver: chrome on mac (4221220dad7037d37f76d7aa0b3e28ea)] -> id: optin]
2025-07-27 01:00:39 [TestNG-tests-1] DEBUG com.ecommerce.pageobjects.RegisterPage - Subscribed to special offers.
2025-07-27 01:00:39 [TestNG-tests-1] INFO  com.ecommerce.utility.Log - Typed text: Jane
2025-07-27 01:00:39 [TestNG-tests-1] INFO  com.ecommerce.utility.Log - Typed text: Roe
2025-07-27 01:00:39 [TestNG-tests-1] INFO  com.ecommerce.utility.Log - Typed text: SampleCo
2025-07-27 01:00:39 [TestNG-tests-1] INFO  com.ecommerce.utility.Log - Typed text: 456 Oak Road
2025-07-27 01:00:39 [TestNG-tests-1] INFO  com.ecommerce.utility.Log - Typed text: Ste 5B
2025-07-27 01:00:39 [TestNG-tests-1] INFO  com.ecommerce.utility.Log - Typed text: Ontario
2025-07-27 01:00:39 [TestNG-tests-1] INFO  com.ecommerce.utility.Log - Typed text: Toronto
2025-07-27 01:00:39 [TestNG-tests-1] INFO  com.ecommerce.utility.Log - Typed text: M5H 2N2
2025-07-27 01:00:39 [TestNG-tests-1] INFO  com.ecommerce.utility.Log - Typed text: 9.87654321E9
2025-07-27 01:00:53 [TestNG-tests-1] INFO  com.ecommerce.utility.Log - Clicked on element: Proxy element for: DefaultElementLocator 'By.xpath: //button[contains(text(),'Create Account')]'
2025-07-27 01:00:53 [TestNG-tests-1] INFO  com.ecommerce.pageobjects.RegisterPage - Account details submitted for creation.
2025-07-27 01:00:53 [TestNG-tests-1] INFO  com.ecommerce.testcases.RegisterUserTest - Step 3 passed: Registration form filled and submitted.
2025-07-27 01:00:53 [TestNG-tests-1] INFO  com.ecommerce.pageobjects.RegisterPage - 'Account Created!' message visibility: true
2025-07-27 01:00:53 [TestNG-tests-1] INFO  com.ecommerce.testcases.RegisterUserTest - Step 4 passed: Account creation confirmed.
2025-07-27 01:01:07 [TestNG-tests-1] INFO  com.ecommerce.utility.Log - Clicked on element: Proxy element for: DefaultElementLocator 'By.xpath: //a[@data-qa='continue-button']'
2025-07-27 01:01:07 [TestNG-tests-1] INFO  com.ecommerce.pageobjects.RegisterPage - Clicked 'Continue' button after account creation.
2025-07-27 01:01:07 [TestNG-tests-1] INFO  com.ecommerce.testcases.RegisterUserTest - Step 5 passed: Clicked Continue button.
2025-07-27 01:01:07 [TestNG-tests-1] INFO  com.ecommerce.pageobjects.RegisterPage - 'Logged in as' text visibility: true
2025-07-27 01:01:07 [TestNG-tests-1] INFO  com.ecommerce.testcases.RegisterUserTest - Step 6 passed: Logged in as username verified.
2025-07-27 01:01:19 [TestNG-tests-1] INFO  com.ecommerce.utility.Log - Clicked on element: Proxy element for: DefaultElementLocator 'By.xpath: //a[contains(text(),'Delete Account')]'
2025-07-27 01:01:19 [TestNG-tests-1] INFO  com.ecommerce.pageobjects.RegisterPage - Clicked 'Delete Account' link.
2025-07-27 01:01:19 [TestNG-tests-1] INFO  com.ecommerce.pageobjects.RegisterPage - 'Account Deleted!' message visibility: true
2025-07-27 01:01:19 [TestNG-tests-1] INFO  com.ecommerce.testcases.RegisterUserTest - Step 7 passed: Account deletion confirmed.
2025-07-27 01:01:34 [TestNG-tests-1] INFO  com.ecommerce.utility.Log - Clicked on element: Proxy element for: DefaultElementLocator 'By.xpath: //a[@data-qa='continue-button']'
2025-07-27 01:01:34 [TestNG-tests-1] INFO  com.ecommerce.pageobjects.RegisterPage - Clicked 'Continue' button after account creation.
2025-07-27 01:01:34 [TestNG-tests-1] INFO  com.ecommerce.testcases.RegisterUserTest - ===== Test Passed: registerUser =====
2025-07-27 01:01:34 [TestNG-tests-1] INFO  com.ecommerce.utility.Log - Closing browser...
2025-07-27 01:01:34 [TestNG-tests-1] INFO  com.ecommerce.utility.Log - Launching browser: chrome
2025-07-27 01:04:36 [TestNG-tests-1] ERROR com.ecommerce.utility.Log - Error during setup (possibly missing browser parameter or browser driver issue):
org.openqa.selenium.TimeoutException: java.util.concurrent.TimeoutException
Build info: version: '4.19.1', revision: 'abe0ee07dc'
System info: os.name: 'Mac OS X', os.arch: 'aarch64', os.version: '15.5', java.version: '17.0.13'
Driver info: org.openqa.selenium.chrome.ChromeDriver
Command: [9ee992e2ae0cab41525741a15f81f9f1, get {url=https://www.automationexercise.com/}]
Capabilities {acceptInsecureCerts: false, browserName: chrome, browserVersion: 138.0.7204.169, chrome: {chromedriverVersion: 138.0.7204.168 (3e8d82e86e9..., userDataDir: /var/folders/mx/yg_pnps952g...}, fedcm:accounts: true, goog:chromeOptions: {debuggerAddress: localhost:52692}, networkConnectionEnabled: false, pageLoadStrategy: normal, platformName: mac, proxy: Proxy(), se:cdp: ws://localhost:52692/devtoo..., se:cdpVersion: 138.0.7204.169, setWindowRect: true, strictFileInteractability: false, timeouts: {implicit: 0, pageLoad: 300000, script: 30000}, unhandledPromptBehavior: dismiss and notify, webauthn:extension:credBlob: true, webauthn:extension:largeBlob: true, webauthn:extension:minPinLength: true, webauthn:extension:prf: true, webauthn:virtualAuthenticators: true}
Session ID: 9ee992e2ae0cab41525741a15f81f9f1
	at org.openqa.selenium.remote.http.jdk.JdkHttpClient.execute0(JdkHttpClient.java:396) ~[selenium-http-4.19.1.jar:?]
	at org.openqa.selenium.remote.http.AddSeleniumUserAgent.lambda$apply$0(AddSeleniumUserAgent.java:42) ~[selenium-http-4.19.1.jar:?]
	at org.openqa.selenium.remote.http.Filter.lambda$andFinally$1(Filter.java:55) ~[selenium-http-4.19.1.jar:?]
	at org.openqa.selenium.remote.http.jdk.JdkHttpClient.execute(JdkHttpClient.java:352) ~[selenium-http-4.19.1.jar:?]
	at org.openqa.selenium.remote.HttpCommandExecutor.execute(HttpCommandExecutor.java:187) ~[selenium-remote-driver-4.19.1.jar:?]
	at org.openqa.selenium.remote.service.DriverCommandExecutor.invokeExecute(DriverCommandExecutor.java:216) ~[selenium-remote-driver-4.19.1.jar:?]
	at org.openqa.selenium.remote.service.DriverCommandExecutor.execute(DriverCommandExecutor.java:174) ~[selenium-remote-driver-4.19.1.jar:?]
	at org.openqa.selenium.remote.RemoteWebDriver.execute(RemoteWebDriver.java:518) ~[selenium-remote-driver-4.19.1.jar:?]
	at org.openqa.selenium.remote.RemoteWebDriver.get(RemoteWebDriver.java:300) ~[selenium-remote-driver-4.19.1.jar:?]
	at com.ecommerce.base.BaseClass.launchApp(BaseClass.java:129) ~[classes/:?]
	at com.ecommerce.base.BaseClass.setUp(BaseClass.java:43) ~[classes/:?]
	at jdk.internal.reflect.NativeMethodAccessorImpl.invoke0(Native Method) ~[?:?]
	at jdk.internal.reflect.NativeMethodAccessorImpl.invoke(NativeMethodAccessorImpl.java:77) ~[?:?]
	at jdk.internal.reflect.DelegatingMethodAccessorImpl.invoke(DelegatingMethodAccessorImpl.java:43) ~[?:?]
	at java.lang.reflect.Method.invoke(Method.java:568) ~[?:?]
	at org.testng.internal.invokers.MethodInvocationHelper.invokeMethod(MethodInvocationHelper.java:141) ~[testng-7.10.2.jar:7.10.2]
	at org.testng.internal.invokers.MethodInvocationHelper.invokeMethodConsideringTimeout(MethodInvocationHelper.java:71) ~[testng-7.10.2.jar:7.10.2]
	at org.testng.internal.invokers.ConfigInvoker.invokeConfigurationMethod(ConfigInvoker.java:400) ~[testng-7.10.2.jar:7.10.2]
	at org.testng.internal.invokers.ConfigInvoker.invokeConfigurations(ConfigInvoker.java:333) ~[testng-7.10.2.jar:7.10.2]
	at org.testng.internal.invokers.TestInvoker.runConfigMethods(TestInvoker.java:833) ~[testng-7.10.2.jar:7.10.2]
	at org.testng.internal.invokers.TestInvoker.invokeMethod(TestInvoker.java:600) ~[testng-7.10.2.jar:7.10.2]
	at org.testng.internal.invokers.TestInvoker.invokeTestMethod(TestInvoker.java:230) ~[testng-7.10.2.jar:7.10.2]
	at org.testng.internal.invokers.MethodRunner.runInSequence(MethodRunner.java:63) ~[testng-7.10.2.jar:7.10.2]
	at org.testng.internal.invokers.TestInvoker$MethodInvocationAgent.invoke(TestInvoker.java:992) ~[testng-7.10.2.jar:7.10.2]
	at org.testng.internal.invokers.TestInvoker.invokeTestMethods(TestInvoker.java:203) ~[testng-7.10.2.jar:7.10.2]
	at org.testng.internal.invokers.TestMethodWorker.invokeTestMethods(TestMethodWorker.java:154) ~[testng-7.10.2.jar:7.10.2]
	at org.testng.internal.invokers.TestMethodWorker.run(TestMethodWorker.java:134) ~[testng-7.10.2.jar:7.10.2]
	at java.util.ArrayList.forEach(ArrayList.java:1511) ~[?:?]
	at org.testng.TestRunner.privateRun(TestRunner.java:739) ~[testng-7.10.2.jar:7.10.2]
	at org.testng.TestRunner.run(TestRunner.java:614) ~[testng-7.10.2.jar:7.10.2]
	at org.testng.SuiteRunner.runTest(SuiteRunner.java:421) ~[testng-7.10.2.jar:7.10.2]
	at org.testng.SuiteRunner$SuiteWorker.run(SuiteRunner.java:463) ~[testng-7.10.2.jar:7.10.2]
	at org.testng.internal.thread.ThreadUtil.lambda$execute$0(ThreadUtil.java:64) ~[testng-7.10.2.jar:7.10.2]
	at java.util.concurrent.FutureTask.run(FutureTask.java:264) [?:?]
	at java.util.concurrent.ThreadPoolExecutor.runWorker(ThreadPoolExecutor.java:1136) [?:?]
	at java.util.concurrent.ThreadPoolExecutor$Worker.run(ThreadPoolExecutor.java:635) [?:?]
	at java.lang.Thread.run(Thread.java:842) [?:?]
Caused by: java.util.concurrent.TimeoutException
	at java.util.concurrent.CompletableFuture.timedGet(CompletableFuture.java:1960) ~[?:?]
	at java.util.concurrent.CompletableFuture.get(CompletableFuture.java:2095) ~[?:?]
	at org.openqa.selenium.remote.http.jdk.JdkHttpClient.execute0(JdkHttpClient.java:379) ~[selenium-http-4.19.1.jar:?]
	... 36 more
2025-07-27 01:04:36 [TestNG-tests-1] INFO  com.ecommerce.utility.Log - Closing browser...
2025-07-27 01:04:59 [TestNG-tests-1] INFO  com.ecommerce.utility.Log - Launching browser: chrome
2025-07-27 01:05:10 [TestNG-tests-1] INFO  com.ecommerce.utility.Log - Navigated to: https://www.automationexercise.com/
2025-07-27 01:05:10 [TestNG-tests-1] INFO  com.ecommerce.testcases.SearchProductTest - ===== Starting Test: searchMultipleProductsTest =====
2025-07-27 01:05:10 [TestNG-tests-1] DEBUG com.ecommerce.testcases.SearchProductTest - Page title: Automation Exercise
2025-07-27 01:05:10 [TestNG-tests-1] INFO  com.ecommerce.testcases.SearchProductTest - Step 1 passed: Home page loaded successfully.
2025-07-27 01:05:10 [TestNG-tests-1] DEBUG com.ecommerce.testcases.SearchProductTest - SearchProductsPage object instantiated.
2025-07-27 01:05:35 [TestNG-tests-1] INFO  com.ecommerce.utility.Log - Clicked on element: [[ChromeDriver: chrome on mac (e2fa2c4cbbf3709defc0ced61219b3aa)] -> xpath: //a[@href='/products']]
2025-07-27 01:05:35 [TestNG-tests-1] INFO  com.ecommerce.pageobjects.SearchProductsPage - Clicked on Products button.
2025-07-27 01:05:35 [TestNG-tests-1] INFO  com.ecommerce.testcases.SearchProductTest - Clicked on Products button.
2025-07-27 01:05:35 [TestNG-tests-1] DEBUG com.ecommerce.testcases.SearchProductTest - Current URL: https://www.automationexercise.com/products
2025-07-27 01:05:35 [TestNG-tests-1] INFO  com.ecommerce.testcases.SearchProductTest - Step 2 passed: Navigated to Products page successfully.
2025-07-27 01:05:35 [TestNG-tests-1] INFO  com.ecommerce.testcases.SearchProductTest - Searching for product: Top
2025-07-27 01:05:35 [TestNG-tests-1] INFO  com.ecommerce.utility.Log - Typed text: Top
2025-07-27 01:05:35 [TestNG-tests-1] INFO  com.ecommerce.pageobjects.SearchProductsPage - Entered product name in search input: Top
2025-07-27 01:05:43 [TestNG-tests-1] INFO  com.ecommerce.utility.Log - Clicked on element: [[ChromeDriver: chrome on mac (e2fa2c4cbbf3709defc0ced61219b3aa)] -> id: submit_search]
2025-07-27 01:05:43 [TestNG-tests-1] INFO  com.ecommerce.pageobjects.SearchProductsPage - Clicked on Search button.
2025-07-27 01:05:43 [TestNG-tests-1] INFO  com.ecommerce.pageobjects.SearchProductsPage - 'Searched Products' title visibility: true
2025-07-27 01:05:43 [TestNG-tests-1] INFO  com.ecommerce.testcases.SearchProductTest - 'SEARCHED PRODUCTS' title is visible.
2025-07-27 01:05:43 [TestNG-tests-1] INFO  com.ecommerce.pageobjects.SearchProductsPage - Retrieved list of searched products. Count: 15
2025-07-27 01:05:43 [TestNG-tests-1] DEBUG com.ecommerce.testcases.SearchProductTest - Number of search results for Top: 15
2025-07-27 01:05:43 [TestNG-tests-1] INFO  com.ecommerce.testcases.SearchProductTest - Search results verified for product: Top
2025-07-27 01:05:43 [TestNG-tests-1] INFO  com.ecommerce.testcases.SearchProductTest - Searching for product: T-shirt
2025-07-27 01:05:44 [TestNG-tests-1] INFO  com.ecommerce.utility.Log - Typed text: T-shirt
2025-07-27 01:05:44 [TestNG-tests-1] INFO  com.ecommerce.pageobjects.SearchProductsPage - Entered product name in search input: T-shirt
2025-07-27 01:05:52 [TestNG-tests-1] INFO  com.ecommerce.utility.Log - Clicked on element: [[ChromeDriver: chrome on mac (e2fa2c4cbbf3709defc0ced61219b3aa)] -> id: submit_search]
2025-07-27 01:05:52 [TestNG-tests-1] INFO  com.ecommerce.pageobjects.SearchProductsPage - Clicked on Search button.
2025-07-27 01:05:52 [TestNG-tests-1] INFO  com.ecommerce.pageobjects.SearchProductsPage - 'Searched Products' title visibility: true
2025-07-27 01:05:52 [TestNG-tests-1] INFO  com.ecommerce.testcases.SearchProductTest - 'SEARCHED PRODUCTS' title is visible.
2025-07-27 01:05:52 [TestNG-tests-1] INFO  com.ecommerce.pageobjects.SearchProductsPage - Retrieved list of searched products. Count: 4
2025-07-27 01:05:52 [TestNG-tests-1] DEBUG com.ecommerce.testcases.SearchProductTest - Number of search results for T-shirt: 4
2025-07-27 01:05:52 [TestNG-tests-1] INFO  com.ecommerce.testcases.SearchProductTest - Search results verified for product: T-shirt
2025-07-27 01:05:52 [TestNG-tests-1] INFO  com.ecommerce.testcases.SearchProductTest - Searching for product: Jeans
2025-07-27 01:05:52 [TestNG-tests-1] INFO  com.ecommerce.utility.Log - Typed text: Jeans
2025-07-27 01:05:52 [TestNG-tests-1] INFO  com.ecommerce.pageobjects.SearchProductsPage - Entered product name in search input: Jeans
2025-07-27 01:05:55 [TestNG-tests-1] INFO  com.ecommerce.utility.Log - Clicked on element: [[ChromeDriver: chrome on mac (e2fa2c4cbbf3709defc0ced61219b3aa)] -> id: submit_search]
2025-07-27 01:05:55 [TestNG-tests-1] INFO  com.ecommerce.pageobjects.SearchProductsPage - Clicked on Search button.
2025-07-27 01:05:55 [TestNG-tests-1] INFO  com.ecommerce.pageobjects.SearchProductsPage - 'Searched Products' title visibility: true
2025-07-27 01:05:55 [TestNG-tests-1] INFO  com.ecommerce.testcases.SearchProductTest - 'SEARCHED PRODUCTS' title is visible.
2025-07-27 01:05:55 [TestNG-tests-1] INFO  com.ecommerce.pageobjects.SearchProductsPage - Retrieved list of searched products. Count: 4
2025-07-27 01:05:55 [TestNG-tests-1] DEBUG com.ecommerce.testcases.SearchProductTest - Number of search results for Jeans: 4
2025-07-27 01:05:55 [TestNG-tests-1] INFO  com.ecommerce.testcases.SearchProductTest - Search results verified for product: Jeans
2025-07-27 01:05:55 [TestNG-tests-1] INFO  com.ecommerce.testcases.SearchProductTest - ===== Test Passed: searchMultipleProductsTest =====
2025-07-27 01:05:55 [TestNG-tests-1] INFO  com.ecommerce.utility.Log - Closing browser...
2025-07-27 01:05:56 [TestNG-tests-1] INFO  com.ecommerce.utility.Log - Launching browser: chrome
2025-07-27 01:06:02 [TestNG-tests-1] INFO  com.ecommerce.utility.Log - Navigated to: https://www.automationexercise.com/
2025-07-27 01:06:02 [TestNG-tests-1] INFO  com.ecommerce.testcases.CartTest - ===== Starting Test: addMultipleProductsToCartTest =====
2025-07-27 01:06:02 [TestNG-tests-1] DEBUG com.ecommerce.testcases.CartTest - Page title: Automation Exercise
2025-07-27 01:06:02 [TestNG-tests-1] INFO  com.ecommerce.testcases.CartTest - Step 1 passed: Home page loaded successfully.
2025-07-27 01:06:02 [TestNG-tests-1] DEBUG com.ecommerce.testcases.CartTest - AddToCartPage object instantiated.
2025-07-27 01:06:05 [TestNG-tests-1] INFO  com.ecommerce.utility.Log - Clicked on element: [[ChromeDriver: chrome on mac (c955bbc83a9d3440a5e144154b476c69)] -> xpath: //a[@href='/products']]
2025-07-27 01:06:05 [TestNG-tests-1] INFO  com.ecommerce.pageobjects.CartPage - Clicked on Products button.
2025-07-27 01:06:05 [TestNG-tests-1] INFO  com.ecommerce.testcases.CartTest - Clicked on Products button.
2025-07-27 01:06:05 [TestNG-tests-1] DEBUG com.ecommerce.testcases.CartTest - Current URL: https://www.automationexercise.com/products
2025-07-27 01:06:05 [TestNG-tests-1] INFO  com.ecommerce.testcases.CartTest - Step 2 passed: Navigated to Products page successfully.
2025-07-27 01:06:05 [TestNG-tests-1] INFO  com.ecommerce.utility.Log - Mouse hovered on element
2025-07-27 01:06:05 [TestNG-tests-1] INFO  com.ecommerce.utility.Log - JS Clicked element
2025-07-27 01:06:05 [TestNG-tests-1] INFO  com.ecommerce.pageobjects.CartPage - First product added to cart.
2025-07-27 01:06:05 [TestNG-tests-1] INFO  com.ecommerce.testcases.CartTest - Step 3 passed: First product added to cart.
2025-07-27 01:06:06 [TestNG-tests-1] INFO  com.ecommerce.utility.Log - Clicked on element: [[ChromeDriver: chrome on mac (c955bbc83a9d3440a5e144154b476c69)] -> xpath: //button[text()='Continue Shopping']]
2025-07-27 01:06:06 [TestNG-tests-1] INFO  com.ecommerce.pageobjects.CartPage - Clicked on Continue Shopping button.
2025-07-27 01:06:06 [TestNG-tests-1] INFO  com.ecommerce.testcases.CartTest - Step 4 passed: Clicked Continue Shopping.
2025-07-27 01:06:06 [TestNG-tests-1] INFO  com.ecommerce.utility.Log - Mouse hovered on element
2025-07-27 01:06:06 [TestNG-tests-1] INFO  com.ecommerce.utility.Log - JS Clicked element
2025-07-27 01:06:06 [TestNG-tests-1] INFO  com.ecommerce.pageobjects.CartPage - Second product added to cart.
2025-07-27 01:06:06 [TestNG-tests-1] INFO  com.ecommerce.testcases.CartTest - Step 5 passed: Second product added to cart.
2025-07-27 01:06:20 [TestNG-tests-1] INFO  com.ecommerce.utility.Log - Clicked on element: Proxy element for: DefaultElementLocator 'By.xpath: //u[text()='View Cart']'
2025-07-27 01:06:20 [TestNG-tests-1] INFO  com.ecommerce.pageobjects.CartPage - Clicked on View Cart button.
2025-07-27 01:06:20 [TestNG-tests-1] INFO  com.ecommerce.testcases.CartTest - Step 6 passed: Clicked View Cart.
2025-07-27 01:06:20 [TestNG-tests-1] INFO  com.ecommerce.pageobjects.CartPage - Retrieved list of cart products. Count: 2
2025-07-27 01:06:20 [TestNG-tests-1] DEBUG com.ecommerce.testcases.CartTest - Number of products in cart: 2
2025-07-27 01:06:20 [TestNG-tests-1] INFO  com.ecommerce.testcases.CartTest - Step 7 passed: Verified both products are added to cart.
2025-07-27 01:06:20 [TestNG-tests-1] INFO  com.ecommerce.pageobjects.CartPage - Retrieved product prices from cart.
2025-07-27 01:06:20 [TestNG-tests-1] INFO  com.ecommerce.pageobjects.CartPage - Retrieved product quantities from cart.
2025-07-27 01:06:20 [TestNG-tests-1] INFO  com.ecommerce.pageobjects.CartPage - Retrieved total prices from cart.
2025-07-27 01:06:20 [TestNG-tests-1] DEBUG com.ecommerce.testcases.CartTest - Product 1: Price = 500, Quantity = 1, Total = 500
2025-07-27 01:06:20 [TestNG-tests-1] DEBUG com.ecommerce.testcases.CartTest - Product 2: Price = 400, Quantity = 1, Total = 400
2025-07-27 01:06:20 [TestNG-tests-1] INFO  com.ecommerce.testcases.CartTest - Step 8 passed: Verified prices, quantities, and total prices for all products.
2025-07-27 01:06:20 [TestNG-tests-1] INFO  com.ecommerce.testcases.CartTest - ===== Test Passed: addMultipleProductsToCartTest =====
2025-07-27 01:06:20 [TestNG-tests-1] INFO  com.ecommerce.utility.Log - Closing browser...
2025-07-27 01:06:21 [TestNG-tests-1] INFO  com.ecommerce.utility.Log - Launching browser: chrome
2025-07-27 01:06:28 [TestNG-tests-1] INFO  com.ecommerce.utility.Log - Navigated to: https://www.automationexercise.com/
2025-07-27 01:06:28 [TestNG-tests-1] INFO  com.ecommerce.testcases.CartTest - ===== Starting Test: verifyProductQuantityInCartTest =====
2025-07-27 01:06:28 [TestNG-tests-1] DEBUG com.ecommerce.testcases.CartTest - Page title: Automation Exercise
2025-07-27 01:06:28 [TestNG-tests-1] INFO  com.ecommerce.testcases.CartTest - Step 1 passed: Home page loaded successfully.
2025-07-27 01:06:32 [TestNG-tests-1] INFO  com.ecommerce.utility.Log - JS Clicked element
2025-07-27 01:06:32 [TestNG-tests-1] INFO  com.ecommerce.pageobjects.CartPage - Clicked on 'View Product' for the first product.
2025-07-27 01:06:32 [TestNG-tests-1] INFO  com.ecommerce.testcases.CartTest - Step 2 passed: Clicked on View Product.
2025-07-27 01:06:34 [TestNG-tests-1] INFO  com.ecommerce.utility.Log - Typed text: 4
2025-07-27 01:06:34 [TestNG-tests-1] INFO  com.ecommerce.pageobjects.CartPage - Set product quantity to: 4
2025-07-27 01:06:34 [TestNG-tests-1] INFO  com.ecommerce.testcases.CartTest - Step 3 passed: Set product quantity to 4.
2025-07-27 01:06:34 [TestNG-tests-1] INFO  com.ecommerce.utility.Log - Clicked on element: [[ChromeDriver: chrome on mac (9e0f0515c43e751d29c69bba20579d27)] -> xpath: //button[normalize-space()='Add to cart']]
2025-07-27 01:06:34 [TestNG-tests-1] INFO  com.ecommerce.pageobjects.CartPage - Clicked on 'Add to cart' button.
2025-07-27 01:06:34 [TestNG-tests-1] INFO  com.ecommerce.testcases.CartTest - Step 4 passed: Clicked Add to Cart.
2025-07-27 01:06:48 [TestNG-tests-1] INFO  com.ecommerce.utility.Log - Clicked on element: Proxy element for: DefaultElementLocator 'By.xpath: //u[normalize-space()='View Cart']'
2025-07-27 01:06:48 [TestNG-tests-1] INFO  com.ecommerce.pageobjects.CartPage - Clicked on 'View Cart' button.
2025-07-27 01:06:48 [TestNG-tests-1] INFO  com.ecommerce.testcases.CartTest - Step 5 passed: Clicked View Cart.
2025-07-27 01:06:48 [TestNG-tests-1] INFO  com.ecommerce.pageobjects.CartPage - Retrieved product quantity from cart: 4
2025-07-27 01:06:48 [TestNG-tests-1] DEBUG com.ecommerce.testcases.CartTest - Actual quantity in cart: 4
2025-07-27 01:06:48 [TestNG-tests-1] INFO  com.ecommerce.testcases.CartTest - Step 6 passed: Verified product quantity is exactly 4.
2025-07-27 01:06:48 [TestNG-tests-1] INFO  com.ecommerce.testcases.CartTest - ===== Test Passed: verifyProductQuantityInCartTest =====
2025-07-27 01:06:48 [TestNG-tests-1] INFO  com.ecommerce.utility.Log - Closing browser...
2025-07-27 01:06:49 [main] INFO  com.ecommerce.utility.Log - === END SUITE === Automation Test Suite Finished
