2025-05-30 21:35:17 [main] INFO  com.ecommerce.utility.Log - Loading configuration properties...
2025-05-30 21:35:17 [main] INFO  com.ecommerce.utility.Log - Loaded configuration properties.
2025-05-30 21:35:17 [main] INFO  com.ecommerce.utility.Log - === START SUITE === Automation Test Suite Started
2025-05-30 21:35:17 [TestNG-tests-1] INFO  com.ecommerce.utility.Log - Launching browser: edge
2025-05-30 21:35:35 [TestNG-tests-1] INFO  com.ecommerce.utility.Log - Navigated to: https://www.automationexercise.com/
2025-05-30 21:35:35 [TestNG-tests-1] INFO  com.ecommerce.testcases.LoginPageTest - ===== Starting Test: verifyLogin =====
2025-05-30 21:35:35 [TestNG-tests-1] DEBUG com.ecommerce.testcases.LoginPageTest - LoginPage object instantiated.
2025-05-30 21:35:35 [TestNG-tests-1] INFO  com.ecommerce.pageobjects.LoginPage - Homepage logo visibility check passed.
2025-05-30 21:35:35 [TestNG-tests-1] DEBUG com.ecommerce.pageobjects.LoginPage - Logo displayed: true
2025-05-30 21:35:35 [TestNG-tests-1] INFO  com.ecommerce.testcases.LoginPageTest - Step 1 passed: Homepage is visible.
2025-05-30 21:35:37 [TestNG-tests-1] INFO  com.ecommerce.utility.Log - Clicked on element: [[EdgeDriver: MicrosoftEdge on mac (dd4c2680e69b5868798d21861a617424)] -> xpath: //a[contains(text(),'Signup / Login')]]
2025-05-30 21:35:37 [TestNG-tests-1] INFO  com.ecommerce.pageobjects.LoginPage - Clicked on Signup/Login link.
2025-05-30 21:35:37 [TestNG-tests-1] INFO  com.ecommerce.testcases.LoginPageTest - Step 2 passed: Navigated to login page.
2025-05-30 21:35:37 [TestNG-tests-1] INFO  com.ecommerce.pageobjects.LoginPage - Login form title is visible.
2025-05-30 21:35:37 [TestNG-tests-1] INFO  com.ecommerce.testcases.LoginPageTest - Step 3 passed: Login form title is visible.
2025-05-30 21:35:37 [TestNG-tests-1] DEBUG com.ecommerce.testcases.LoginPageTest - Using email: Dpaul01@yopmail.com and password: [HIDDEN]
2025-05-30 21:35:37 [TestNG-tests-1] DEBUG com.ecommerce.pageobjects.LoginPage - Attempting to enter email: Dpaul01@yopmail.com
2025-05-30 21:35:37 [TestNG-tests-1] INFO  com.ecommerce.utility.Log - Typed text: Dpaul01@yopmail.com
2025-05-30 21:35:37 [TestNG-tests-1] DEBUG com.ecommerce.pageobjects.LoginPage - Attempting to enter password.
2025-05-30 21:35:37 [TestNG-tests-1] INFO  com.ecommerce.utility.Log - Typed text: Test01@$
2025-05-30 21:35:37 [TestNG-tests-1] INFO  com.ecommerce.pageobjects.LoginPage - Clicking Login button.
2025-05-30 21:35:53 [TestNG-tests-1] INFO  com.ecommerce.utility.Log - Clicked on element: Proxy element for: DefaultElementLocator 'By.xpath: //button[@data-qa='login-button']'
2025-05-30 21:35:53 [TestNG-tests-1] INFO  com.ecommerce.pageobjects.LoginPage - Login submitted successfully.
2025-05-30 21:35:53 [TestNG-tests-1] INFO  com.ecommerce.testcases.LoginPageTest - Step 4 passed: Login attempted with valid credentials.
2025-05-30 21:35:53 [TestNG-tests-1] INFO  com.ecommerce.pageobjects.LoginPage - Retrieved logged-in username.
2025-05-30 21:35:53 [TestNG-tests-1] DEBUG com.ecommerce.pageobjects.LoginPage - Username extracted: Dinesh Paul
2025-05-30 21:35:53 [TestNG-tests-1] DEBUG com.ecommerce.testcases.LoginPageTest - Expected username: Dinesh Paul, Actual: Dinesh Paul
2025-05-30 21:35:53 [TestNG-tests-1] INFO  com.ecommerce.testcases.LoginPageTest - Step 5 passed: Logged-in username verified successfully.
2025-05-30 21:35:53 [TestNG-tests-1] INFO  com.ecommerce.testcases.LoginPageTest - ===== Test Passed: verifyLogin =====
2025-05-30 21:35:53 [TestNG-tests-1] INFO  com.ecommerce.utility.Log - Closing browser...
2025-05-30 21:35:55 [TestNG-tests-1] INFO  com.ecommerce.utility.Log - Loaded sheet: Sheet1, Rows: 2
2025-05-30 21:35:55 [TestNG-tests-1] INFO  com.ecommerce.utility.Log - Launching browser: edge
2025-05-30 21:36:00 [TestNG-tests-1] INFO  com.ecommerce.utility.Log - Navigated to: https://www.automationexercise.com/
2025-05-30 21:36:00 [TestNG-tests-1] INFO  com.ecommerce.testcases.RegisterUserTest - ===== Starting Test: registerUser =====
2025-05-30 21:36:00 [TestNG-tests-1] DEBUG com.ecommerce.testcases.RegisterUserTest - RegisterPage object instantiated.
2025-05-30 21:36:01 [TestNG-tests-1] INFO  com.ecommerce.utility.Log - Clicked on element: [[EdgeDriver: MicrosoftEdge on mac (eb44e81df1d0ad273edc5f9848a9352b)] -> xpath: //a[contains(text(),'Signup / Login')]]
2025-05-30 21:36:01 [TestNG-tests-1] INFO  com.ecommerce.pageobjects.RegisterPage - Clicked on Signup/Login link.
2025-05-30 21:36:01 [TestNG-tests-1] INFO  com.ecommerce.testcases.RegisterUserTest - Step 1 passed: Navigated to Signup/Login page.
2025-05-30 21:36:01 [TestNG-tests-1] DEBUG com.ecommerce.testcases.RegisterUserTest - Entering name: Jane Roe and email: jane.roe1@test.com
2025-05-30 21:36:01 [TestNG-tests-1] DEBUG com.ecommerce.pageobjects.RegisterPage - Entering signup name: Jane Roe
2025-05-30 21:36:01 [TestNG-tests-1] INFO  com.ecommerce.utility.Log - Typed text: Jane Roe
2025-05-30 21:36:01 [TestNG-tests-1] DEBUG com.ecommerce.pageobjects.RegisterPage - Entering signup email: jane.roe1@test.com
2025-05-30 21:36:01 [TestNG-tests-1] INFO  com.ecommerce.utility.Log - Typed text: jane.roe1@test.com
2025-05-30 21:36:13 [TestNG-tests-1] INFO  com.ecommerce.utility.Log - Clicked on element: Proxy element for: DefaultElementLocator 'By.xpath: //button[contains(text(),'Signup')]'
2025-05-30 21:36:13 [TestNG-tests-1] INFO  com.ecommerce.pageobjects.RegisterPage - Signup details submitted.
2025-05-30 21:36:13 [TestNG-tests-1] INFO  com.ecommerce.testcases.RegisterUserTest - Step 2 passed: Signup details submitted.
2025-05-30 21:36:13 [TestNG-tests-1] INFO  com.ecommerce.utility.Log - Clicked on element: [[EdgeDriver: MicrosoftEdge on mac (eb44e81df1d0ad273edc5f9848a9352b)] -> id: id_gender2]
2025-05-30 21:36:13 [TestNG-tests-1] DEBUG com.ecommerce.pageobjects.RegisterPage - Selected title: Mrs
2025-05-30 21:36:13 [TestNG-tests-1] INFO  com.ecommerce.utility.Log - Typed text: pass@456
2025-05-30 21:36:13 [TestNG-tests-1] DEBUG com.ecommerce.pageobjects.RegisterPage - Selecting DOB: 12-March-1985
2025-05-30 21:36:13 [TestNG-tests-1] INFO  com.ecommerce.utility.Log - Clicked on element: [[EdgeDriver: MicrosoftEdge on mac (eb44e81df1d0ad273edc5f9848a9352b)] -> id: optin]
2025-05-30 21:36:13 [TestNG-tests-1] DEBUG com.ecommerce.pageobjects.RegisterPage - Subscribed to special offers.
2025-05-30 21:36:14 [TestNG-tests-1] INFO  com.ecommerce.utility.Log - Typed text: Jane
2025-05-30 21:36:14 [TestNG-tests-1] INFO  com.ecommerce.utility.Log - Typed text: Roe
2025-05-30 21:36:14 [TestNG-tests-1] INFO  com.ecommerce.utility.Log - Typed text: SampleCo
2025-05-30 21:36:14 [TestNG-tests-1] INFO  com.ecommerce.utility.Log - Typed text: 456 Oak Road
2025-05-30 21:36:14 [TestNG-tests-1] INFO  com.ecommerce.utility.Log - Typed text: Ste 5B
2025-05-30 21:36:14 [TestNG-tests-1] INFO  com.ecommerce.utility.Log - Typed text: Ontario
2025-05-30 21:36:14 [TestNG-tests-1] INFO  com.ecommerce.utility.Log - Typed text: Toronto
2025-05-30 21:36:14 [TestNG-tests-1] INFO  com.ecommerce.utility.Log - Typed text: M5H 2N2
2025-05-30 21:36:14 [TestNG-tests-1] INFO  com.ecommerce.utility.Log - Typed text: 9.87654321E9
2025-05-30 21:36:14 [TestNG-tests-1] INFO  com.ecommerce.utility.Log - Clicked on element: [[EdgeDriver: MicrosoftEdge on mac (eb44e81df1d0ad273edc5f9848a9352b)] -> xpath: //button[contains(text(),'Create Account')]]
2025-05-30 21:36:14 [TestNG-tests-1] INFO  com.ecommerce.pageobjects.RegisterPage - Account details submitted for creation.
2025-05-30 21:36:14 [TestNG-tests-1] INFO  com.ecommerce.testcases.RegisterUserTest - Step 3 passed: Registration form filled and submitted.
2025-05-30 21:36:16 [TestNG-tests-1] INFO  com.ecommerce.pageobjects.RegisterPage - 'Account Created!' message visibility: true
2025-05-30 21:36:16 [TestNG-tests-1] INFO  com.ecommerce.testcases.RegisterUserTest - Step 4 passed: Account creation confirmed.
2025-05-30 21:36:29 [TestNG-tests-1] INFO  com.ecommerce.utility.Log - Clicked on element: Proxy element for: DefaultElementLocator 'By.xpath: //a[@data-qa='continue-button']'
2025-05-30 21:36:29 [TestNG-tests-1] INFO  com.ecommerce.pageobjects.RegisterPage - Clicked 'Continue' button after account creation.
2025-05-30 21:36:29 [TestNG-tests-1] INFO  com.ecommerce.testcases.RegisterUserTest - Step 5 passed: Clicked Continue button.
2025-05-30 21:36:29 [TestNG-tests-1] INFO  com.ecommerce.pageobjects.RegisterPage - 'Logged in as' text visibility: true
2025-05-30 21:36:29 [TestNG-tests-1] INFO  com.ecommerce.testcases.RegisterUserTest - Step 6 passed: Logged in as username verified.
2025-05-30 21:36:41 [TestNG-tests-1] INFO  com.ecommerce.utility.Log - Clicked on element: Proxy element for: DefaultElementLocator 'By.xpath: //a[contains(text(),'Delete Account')]'
2025-05-30 21:36:41 [TestNG-tests-1] INFO  com.ecommerce.pageobjects.RegisterPage - Clicked 'Delete Account' link.
2025-05-30 21:36:41 [TestNG-tests-1] INFO  com.ecommerce.pageobjects.RegisterPage - 'Account Deleted!' message visibility: true
2025-05-30 21:36:41 [TestNG-tests-1] INFO  com.ecommerce.testcases.RegisterUserTest - Step 7 passed: Account deletion confirmed.
2025-05-30 21:36:54 [TestNG-tests-1] INFO  com.ecommerce.utility.Log - Clicked on element: Proxy element for: DefaultElementLocator 'By.xpath: //a[@data-qa='continue-button']'
2025-05-30 21:36:54 [TestNG-tests-1] INFO  com.ecommerce.pageobjects.RegisterPage - Clicked 'Continue' button after account creation.
2025-05-30 21:36:54 [TestNG-tests-1] INFO  com.ecommerce.testcases.RegisterUserTest - ===== Test Passed: registerUser =====
2025-05-30 21:36:54 [TestNG-tests-1] INFO  com.ecommerce.utility.Log - Closing browser...
2025-05-30 21:36:55 [TestNG-tests-1] INFO  com.ecommerce.utility.Log - Launching browser: edge
2025-05-30 21:37:08 [TestNG-tests-1] INFO  com.ecommerce.utility.Log - Navigated to: https://www.automationexercise.com/
2025-05-30 21:37:08 [TestNG-tests-1] INFO  com.ecommerce.testcases.ProductsPageTest - ===== Starting Test: verifyAllProductsAndProductDetailPage =====
2025-05-30 21:37:08 [TestNG-tests-1] DEBUG com.ecommerce.testcases.ProductsPageTest - ProductsPage object instantiated.
2025-05-30 21:37:08 [TestNG-tests-1] INFO  com.ecommerce.pageobjects.ProductsPage - Checking if home page logo is displayed...
2025-05-30 21:37:08 [TestNG-tests-1] INFO  com.ecommerce.testcases.ProductsPageTest - Step 1 passed: Home page is visible.
2025-05-30 21:37:08 [TestNG-tests-1] INFO  com.ecommerce.pageobjects.ProductsPage - Clicking on 'Products' button...
2025-05-30 21:37:11 [TestNG-tests-1] INFO  com.ecommerce.utility.Log - Clicked on element: [[EdgeDriver: MicrosoftEdge on mac (629a030906d08272840287c1c72e935d)] -> xpath: //a[@href='/products']]
2025-05-30 21:37:11 [TestNG-tests-1] INFO  com.ecommerce.testcases.ProductsPageTest - Step 2 passed: Clicked on 'Products' button.
2025-05-30 21:37:11 [TestNG-tests-1] INFO  com.ecommerce.pageobjects.ProductsPage - Checking if 'All Products' title is visible...
2025-05-30 21:37:11 [TestNG-tests-1] INFO  com.ecommerce.testcases.ProductsPageTest - Step 3 passed: 'All Products' page is visible.
2025-05-30 21:37:11 [TestNG-tests-1] INFO  com.ecommerce.pageobjects.ProductsPage - Checking if product list is displayed...
2025-05-30 21:37:11 [TestNG-tests-1] INFO  com.ecommerce.testcases.ProductsPageTest - Step 4 passed: Products list is visible.
2025-05-30 21:37:11 [TestNG-tests-1] INFO  com.ecommerce.pageobjects.ProductsPage - Clicking on first 'View Product' link...
2025-05-30 21:37:27 [TestNG-tests-1] INFO  com.ecommerce.utility.Log - Clicked on element: Proxy element for: DefaultElementLocator 'By.xpath: (//a[contains(text(),'View Product')])[1]'
2025-05-30 21:37:27 [TestNG-tests-1] INFO  com.ecommerce.testcases.ProductsPageTest - Step 5 passed: Clicked on 'View Product' of first product.
2025-05-30 21:37:27 [TestNG-tests-1] INFO  com.ecommerce.pageobjects.ProductsPage - Checking if product name is visible...
2025-05-30 21:37:28 [TestNG-tests-1] INFO  com.ecommerce.pageobjects.ProductsPage - Checking if product category is visible...
2025-05-30 21:37:28 [TestNG-tests-1] INFO  com.ecommerce.pageobjects.ProductsPage - Checking if product price is visible...
2025-05-30 21:37:28 [TestNG-tests-1] INFO  com.ecommerce.pageobjects.ProductsPage - Checking if product availability is visible...
2025-05-30 21:37:28 [TestNG-tests-1] INFO  com.ecommerce.pageobjects.ProductsPage - Checking if product condition is visible...
2025-05-30 21:37:28 [TestNG-tests-1] INFO  com.ecommerce.pageobjects.ProductsPage - Checking if product brand is visible...
2025-05-30 21:37:28 [TestNG-tests-1] INFO  com.ecommerce.testcases.ProductsPageTest - Step 6 passed: All product details are visible.
2025-05-30 21:37:28 [TestNG-tests-1] INFO  com.ecommerce.testcases.ProductsPageTest - ===== Test Passed: verifyAllProductsAndProductDetailPage =====
2025-05-30 21:37:28 [TestNG-tests-1] INFO  com.ecommerce.utility.Log - Closing browser...
2025-05-30 21:37:29 [TestNG-tests-1] INFO  com.ecommerce.utility.Log - Launching browser: edge
2025-05-30 21:37:34 [TestNG-tests-1] INFO  com.ecommerce.utility.Log - Navigated to: https://www.automationexercise.com/
2025-05-30 21:37:34 [TestNG-tests-1] INFO  com.ecommerce.testcases.SearchProductTest - ===== Starting Test: searchMultipleProductsTest =====
2025-05-30 21:37:34 [TestNG-tests-1] DEBUG com.ecommerce.testcases.SearchProductTest - Page title: Automation Exercise
2025-05-30 21:37:34 [TestNG-tests-1] INFO  com.ecommerce.testcases.SearchProductTest - Step 1 passed: Home page loaded successfully.
2025-05-30 21:37:34 [TestNG-tests-1] DEBUG com.ecommerce.testcases.SearchProductTest - SearchProductsPage object instantiated.
2025-05-30 21:37:42 [TestNG-tests-1] INFO  com.ecommerce.utility.Log - Clicked on element: [[EdgeDriver: MicrosoftEdge on mac (f4c34ca427c6034f5221686bc05c6183)] -> xpath: //a[@href='/products']]
2025-05-30 21:37:42 [TestNG-tests-1] INFO  com.ecommerce.pageobjects.SearchProductsPage - Clicked on Products button.
2025-05-30 21:37:42 [TestNG-tests-1] INFO  com.ecommerce.testcases.SearchProductTest - Clicked on Products button.
2025-05-30 21:37:42 [TestNG-tests-1] DEBUG com.ecommerce.testcases.SearchProductTest - Current URL: https://www.automationexercise.com/products
2025-05-30 21:37:42 [TestNG-tests-1] INFO  com.ecommerce.testcases.SearchProductTest - Step 2 passed: Navigated to Products page successfully.
2025-05-30 21:37:42 [TestNG-tests-1] INFO  com.ecommerce.testcases.SearchProductTest - Searching for product: Top
2025-05-30 21:37:42 [TestNG-tests-1] INFO  com.ecommerce.utility.Log - Typed text: Top
2025-05-30 21:37:42 [TestNG-tests-1] INFO  com.ecommerce.pageobjects.SearchProductsPage - Entered product name in search input: Top
2025-05-30 21:37:45 [TestNG-tests-1] INFO  com.ecommerce.utility.Log - Clicked on element: [[EdgeDriver: MicrosoftEdge on mac (f4c34ca427c6034f5221686bc05c6183)] -> id: submit_search]
2025-05-30 21:37:45 [TestNG-tests-1] INFO  com.ecommerce.pageobjects.SearchProductsPage - Clicked on Search button.
2025-05-30 21:37:45 [TestNG-tests-1] INFO  com.ecommerce.pageobjects.SearchProductsPage - 'Searched Products' title visibility: true
2025-05-30 21:37:45 [TestNG-tests-1] INFO  com.ecommerce.testcases.SearchProductTest - 'SEARCHED PRODUCTS' title is visible.
2025-05-30 21:37:45 [TestNG-tests-1] INFO  com.ecommerce.pageobjects.SearchProductsPage - Retrieved list of searched products. Count: 15
2025-05-30 21:37:45 [TestNG-tests-1] DEBUG com.ecommerce.testcases.SearchProductTest - Number of search results for Top: 15
2025-05-30 21:37:45 [TestNG-tests-1] INFO  com.ecommerce.testcases.SearchProductTest - Search results verified for product: Top
2025-05-30 21:37:45 [TestNG-tests-1] INFO  com.ecommerce.testcases.SearchProductTest - Searching for product: T-shirt
2025-05-30 21:37:45 [TestNG-tests-1] INFO  com.ecommerce.utility.Log - Typed text: T-shirt
2025-05-30 21:37:45 [TestNG-tests-1] INFO  com.ecommerce.pageobjects.SearchProductsPage - Entered product name in search input: T-shirt
2025-05-30 21:37:47 [TestNG-tests-1] INFO  com.ecommerce.utility.Log - Clicked on element: [[EdgeDriver: MicrosoftEdge on mac (f4c34ca427c6034f5221686bc05c6183)] -> id: submit_search]
2025-05-30 21:37:47 [TestNG-tests-1] INFO  com.ecommerce.pageobjects.SearchProductsPage - Clicked on Search button.
2025-05-30 21:37:47 [TestNG-tests-1] INFO  com.ecommerce.pageobjects.SearchProductsPage - 'Searched Products' title visibility: true
2025-05-30 21:37:47 [TestNG-tests-1] INFO  com.ecommerce.testcases.SearchProductTest - 'SEARCHED PRODUCTS' title is visible.
2025-05-30 21:37:47 [TestNG-tests-1] INFO  com.ecommerce.pageobjects.SearchProductsPage - Retrieved list of searched products. Count: 4
2025-05-30 21:37:47 [TestNG-tests-1] DEBUG com.ecommerce.testcases.SearchProductTest - Number of search results for T-shirt: 4
2025-05-30 21:37:47 [TestNG-tests-1] INFO  com.ecommerce.testcases.SearchProductTest - Search results verified for product: T-shirt
2025-05-30 21:37:47 [TestNG-tests-1] INFO  com.ecommerce.testcases.SearchProductTest - Searching for product: Jeans
2025-05-30 21:37:47 [TestNG-tests-1] INFO  com.ecommerce.utility.Log - Typed text: Jeans
2025-05-30 21:37:47 [TestNG-tests-1] INFO  com.ecommerce.pageobjects.SearchProductsPage - Entered product name in search input: Jeans
2025-05-30 21:37:48 [TestNG-tests-1] INFO  com.ecommerce.utility.Log - Clicked on element: [[EdgeDriver: MicrosoftEdge on mac (f4c34ca427c6034f5221686bc05c6183)] -> id: submit_search]
2025-05-30 21:37:48 [TestNG-tests-1] INFO  com.ecommerce.pageobjects.SearchProductsPage - Clicked on Search button.
2025-05-30 21:37:48 [TestNG-tests-1] INFO  com.ecommerce.pageobjects.SearchProductsPage - 'Searched Products' title visibility: true
2025-05-30 21:37:48 [TestNG-tests-1] INFO  com.ecommerce.testcases.SearchProductTest - 'SEARCHED PRODUCTS' title is visible.
2025-05-30 21:37:48 [TestNG-tests-1] INFO  com.ecommerce.pageobjects.SearchProductsPage - Retrieved list of searched products. Count: 4
2025-05-30 21:37:48 [TestNG-tests-1] DEBUG com.ecommerce.testcases.SearchProductTest - Number of search results for Jeans: 4
2025-05-30 21:37:48 [TestNG-tests-1] INFO  com.ecommerce.testcases.SearchProductTest - Search results verified for product: Jeans
2025-05-30 21:37:48 [TestNG-tests-1] INFO  com.ecommerce.testcases.SearchProductTest - ===== Test Passed: searchMultipleProductsTest =====
2025-05-30 21:37:48 [TestNG-tests-1] INFO  com.ecommerce.utility.Log - Closing browser...
2025-05-30 21:37:49 [main] INFO  com.ecommerce.utility.Log - === END SUITE === Automation Test Suite Finished
