2025-06-07 19:08:11 [main] INFO  com.ecommerce.utility.Log - Loading configuration properties...
2025-06-07 19:08:11 [main] INFO  com.ecommerce.utility.Log - Loaded configuration properties.
2025-06-07 19:08:11 [main] INFO  com.ecommerce.utility.Log - === START SUITE === Automation Test Suite Started
2025-06-07 19:08:11 [TestNG-tests-1] INFO  com.ecommerce.utility.Log - Launching browser: chrome
2025-06-07 19:08:21 [TestNG-tests-1] INFO  com.ecommerce.utility.Log - Navigated to: https://www.automationexercise.com/
2025-06-07 19:08:21 [TestNG-tests-1] INFO  com.ecommerce.testcases.LoginPageTest - ===== Starting Test: verifyLogin =====
2025-06-07 19:08:21 [TestNG-tests-1] DEBUG com.ecommerce.testcases.LoginPageTest - LoginPage object instantiated.
2025-06-07 19:08:22 [TestNG-tests-1] INFO  com.ecommerce.pageobjects.LoginPage - Homepage logo visibility check passed.
2025-06-07 19:08:22 [TestNG-tests-1] DEBUG com.ecommerce.pageobjects.LoginPage - Logo displayed: true
2025-06-07 19:08:22 [TestNG-tests-1] INFO  com.ecommerce.testcases.LoginPageTest - Step 1 passed: Homepage is visible.
2025-06-07 19:08:25 [TestNG-tests-1] INFO  com.ecommerce.utility.Log - Clicked on element: [[ChromeDriver: chrome on mac (d6b1ba3a4cb768e444805d9ae95be87b)] -> xpath: //a[contains(text(),'Signup / Login')]]
2025-06-07 19:08:25 [TestNG-tests-1] INFO  com.ecommerce.pageobjects.LoginPage - Clicked on Signup/Login link.
2025-06-07 19:08:25 [TestNG-tests-1] INFO  com.ecommerce.testcases.LoginPageTest - Step 2 passed: Navigated to login page.
2025-06-07 19:08:25 [TestNG-tests-1] INFO  com.ecommerce.pageobjects.LoginPage - Login form title is visible.
2025-06-07 19:08:25 [TestNG-tests-1] INFO  com.ecommerce.testcases.LoginPageTest - Step 3 passed: Login form title is visible.
2025-06-07 19:08:25 [TestNG-tests-1] DEBUG com.ecommerce.testcases.LoginPageTest - Using email: Dpaul01@yopmail.com and password: [HIDDEN]
2025-06-07 19:08:25 [TestNG-tests-1] DEBUG com.ecommerce.pageobjects.LoginPage - Attempting to enter email: Dpaul01@yopmail.com
2025-06-07 19:08:25 [TestNG-tests-1] INFO  com.ecommerce.utility.Log - Typed text: Dpaul01@yopmail.com
2025-06-07 19:08:25 [TestNG-tests-1] DEBUG com.ecommerce.pageobjects.LoginPage - Attempting to enter password.
2025-06-07 19:08:25 [TestNG-tests-1] INFO  com.ecommerce.utility.Log - Typed text: Test01@$
2025-06-07 19:08:25 [TestNG-tests-1] INFO  com.ecommerce.pageobjects.LoginPage - Clicking Login button.
2025-06-07 19:08:39 [TestNG-tests-1] INFO  com.ecommerce.utility.Log - Clicked on element: Proxy element for: DefaultElementLocator 'By.xpath: //button[@data-qa='login-button']'
2025-06-07 19:08:39 [TestNG-tests-1] INFO  com.ecommerce.pageobjects.LoginPage - Login submitted successfully.
2025-06-07 19:08:39 [TestNG-tests-1] INFO  com.ecommerce.testcases.LoginPageTest - Step 4 passed: Login attempted with valid credentials.
2025-06-07 19:08:39 [TestNG-tests-1] INFO  com.ecommerce.pageobjects.LoginPage - Retrieved logged-in username.
2025-06-07 19:08:39 [TestNG-tests-1] DEBUG com.ecommerce.pageobjects.LoginPage - Username extracted: Dinesh Paul
2025-06-07 19:08:39 [TestNG-tests-1] DEBUG com.ecommerce.testcases.LoginPageTest - Expected username: Dinesh Paul, Actual: Dinesh Paul
2025-06-07 19:08:39 [TestNG-tests-1] INFO  com.ecommerce.testcases.LoginPageTest - Step 5 passed: Logged-in username verified successfully.
2025-06-07 19:08:39 [TestNG-tests-1] INFO  com.ecommerce.testcases.LoginPageTest - ===== Test Passed: verifyLogin =====
2025-06-07 19:08:39 [TestNG-tests-1] INFO  com.ecommerce.utility.Log - Closing browser...
2025-06-07 19:08:39 [TestNG-tests-1] INFO  com.ecommerce.utility.Log - Loaded sheet: Sheet1, Rows: 2
2025-06-07 19:08:39 [TestNG-tests-1] INFO  com.ecommerce.utility.Log - Launching browser: chrome
2025-06-07 19:08:47 [TestNG-tests-1] INFO  com.ecommerce.utility.Log - Navigated to: https://www.automationexercise.com/
2025-06-07 19:08:47 [TestNG-tests-1] INFO  com.ecommerce.testcases.RegisterUserTest - ===== Starting Test: registerUser =====
2025-06-07 19:08:47 [TestNG-tests-1] DEBUG com.ecommerce.testcases.RegisterUserTest - RegisterPage object instantiated.
2025-06-07 19:08:49 [TestNG-tests-1] INFO  com.ecommerce.utility.Log - Clicked on element: [[ChromeDriver: chrome on mac (eebb60689096910702f5ccebacf512d7)] -> xpath: //a[contains(text(),'Signup / Login')]]
2025-06-07 19:08:49 [TestNG-tests-1] INFO  com.ecommerce.pageobjects.RegisterPage - Clicked on Signup/Login link.
2025-06-07 19:08:49 [TestNG-tests-1] INFO  com.ecommerce.testcases.RegisterUserTest - Step 1 passed: Navigated to Signup/Login page.
2025-06-07 19:08:49 [TestNG-tests-1] DEBUG com.ecommerce.testcases.RegisterUserTest - Entering name: Jane Roe and email: jane.roe1@test.com
2025-06-07 19:08:49 [TestNG-tests-1] DEBUG com.ecommerce.pageobjects.RegisterPage - Entering signup name: Jane Roe
2025-06-07 19:08:50 [TestNG-tests-1] INFO  com.ecommerce.utility.Log - Typed text: Jane Roe
2025-06-07 19:08:50 [TestNG-tests-1] DEBUG com.ecommerce.pageobjects.RegisterPage - Entering signup email: jane.roe1@test.com
2025-06-07 19:08:50 [TestNG-tests-1] INFO  com.ecommerce.utility.Log - Typed text: jane.roe1@test.com
2025-06-07 19:09:02 [TestNG-tests-1] INFO  com.ecommerce.utility.Log - Clicked on element: Proxy element for: DefaultElementLocator 'By.xpath: //button[contains(text(),'Signup')]'
2025-06-07 19:09:02 [TestNG-tests-1] INFO  com.ecommerce.pageobjects.RegisterPage - Signup details submitted.
2025-06-07 19:09:02 [TestNG-tests-1] INFO  com.ecommerce.testcases.RegisterUserTest - Step 2 passed: Signup details submitted.
2025-06-07 19:09:02 [TestNG-tests-1] INFO  com.ecommerce.utility.Log - Clicked on element: [[ChromeDriver: chrome on mac (eebb60689096910702f5ccebacf512d7)] -> id: id_gender2]
2025-06-07 19:09:02 [TestNG-tests-1] DEBUG com.ecommerce.pageobjects.RegisterPage - Selected title: Mrs
2025-06-07 19:09:02 [TestNG-tests-1] INFO  com.ecommerce.utility.Log - Typed text: pass@456
2025-06-07 19:09:02 [TestNG-tests-1] DEBUG com.ecommerce.pageobjects.RegisterPage - Selecting DOB: 12-March-1985
2025-06-07 19:09:02 [TestNG-tests-1] INFO  com.ecommerce.utility.Log - Clicked on element: [[ChromeDriver: chrome on mac (eebb60689096910702f5ccebacf512d7)] -> id: optin]
2025-06-07 19:09:02 [TestNG-tests-1] DEBUG com.ecommerce.pageobjects.RegisterPage - Subscribed to special offers.
2025-06-07 19:09:02 [TestNG-tests-1] INFO  com.ecommerce.utility.Log - Typed text: Jane
2025-06-07 19:09:02 [TestNG-tests-1] INFO  com.ecommerce.utility.Log - Typed text: Roe
2025-06-07 19:09:02 [TestNG-tests-1] INFO  com.ecommerce.utility.Log - Typed text: SampleCo
2025-06-07 19:09:02 [TestNG-tests-1] INFO  com.ecommerce.utility.Log - Typed text: 456 Oak Road
2025-06-07 19:09:02 [TestNG-tests-1] INFO  com.ecommerce.utility.Log - Typed text: Ste 5B
2025-06-07 19:09:03 [TestNG-tests-1] INFO  com.ecommerce.utility.Log - Typed text: Ontario
2025-06-07 19:09:03 [TestNG-tests-1] INFO  com.ecommerce.utility.Log - Typed text: Toronto
2025-06-07 19:09:03 [TestNG-tests-1] INFO  com.ecommerce.utility.Log - Typed text: M5H 2N2
2025-06-07 19:09:03 [TestNG-tests-1] INFO  com.ecommerce.utility.Log - Typed text: 9.87654321E9
2025-06-07 19:09:15 [TestNG-tests-1] INFO  com.ecommerce.utility.Log - Clicked on element: Proxy element for: DefaultElementLocator 'By.xpath: //button[contains(text(),'Create Account')]'
2025-06-07 19:09:15 [TestNG-tests-1] INFO  com.ecommerce.pageobjects.RegisterPage - Account details submitted for creation.
2025-06-07 19:09:15 [TestNG-tests-1] INFO  com.ecommerce.testcases.RegisterUserTest - Step 3 passed: Registration form filled and submitted.
2025-06-07 19:09:15 [TestNG-tests-1] INFO  com.ecommerce.pageobjects.RegisterPage - 'Account Created!' message visibility: true
2025-06-07 19:09:15 [TestNG-tests-1] INFO  com.ecommerce.testcases.RegisterUserTest - Step 4 passed: Account creation confirmed.
2025-06-07 19:09:28 [TestNG-tests-1] INFO  com.ecommerce.utility.Log - Clicked on element: Proxy element for: DefaultElementLocator 'By.xpath: //a[@data-qa='continue-button']'
2025-06-07 19:09:28 [TestNG-tests-1] INFO  com.ecommerce.pageobjects.RegisterPage - Clicked 'Continue' button after account creation.
2025-06-07 19:09:28 [TestNG-tests-1] INFO  com.ecommerce.testcases.RegisterUserTest - Step 5 passed: Clicked Continue button.
2025-06-07 19:09:28 [TestNG-tests-1] INFO  com.ecommerce.pageobjects.RegisterPage - 'Logged in as' text visibility: true
2025-06-07 19:09:28 [TestNG-tests-1] INFO  com.ecommerce.testcases.RegisterUserTest - Step 6 passed: Logged in as username verified.
2025-06-07 19:09:39 [TestNG-tests-1] INFO  com.ecommerce.utility.Log - Clicked on element: Proxy element for: DefaultElementLocator 'By.xpath: //a[contains(text(),'Delete Account')]'
2025-06-07 19:09:39 [TestNG-tests-1] INFO  com.ecommerce.pageobjects.RegisterPage - Clicked 'Delete Account' link.
2025-06-07 19:09:39 [TestNG-tests-1] INFO  com.ecommerce.pageobjects.RegisterPage - 'Account Deleted!' message visibility: true
2025-06-07 19:09:39 [TestNG-tests-1] INFO  com.ecommerce.testcases.RegisterUserTest - Step 7 passed: Account deletion confirmed.
2025-06-07 19:09:55 [TestNG-tests-1] INFO  com.ecommerce.utility.Log - Clicked on element: Proxy element for: DefaultElementLocator 'By.xpath: //a[@data-qa='continue-button']'
2025-06-07 19:09:55 [TestNG-tests-1] INFO  com.ecommerce.pageobjects.RegisterPage - Clicked 'Continue' button after account creation.
2025-06-07 19:09:55 [TestNG-tests-1] INFO  com.ecommerce.testcases.RegisterUserTest - ===== Test Passed: registerUser =====
2025-06-07 19:09:55 [TestNG-tests-1] INFO  com.ecommerce.utility.Log - Closing browser...
2025-06-07 19:09:55 [TestNG-tests-1] INFO  com.ecommerce.utility.Log - Launching browser: chrome
2025-06-07 19:10:00 [TestNG-tests-1] INFO  com.ecommerce.utility.Log - Navigated to: https://www.automationexercise.com/
2025-06-07 19:10:00 [TestNG-tests-1] INFO  com.ecommerce.testcases.ProductsPageTest - ===== Starting Test: verifyAllProductsAndProductDetailPage =====
2025-06-07 19:10:00 [TestNG-tests-1] DEBUG com.ecommerce.testcases.ProductsPageTest - ProductsPage object instantiated.
2025-06-07 19:10:00 [TestNG-tests-1] INFO  com.ecommerce.pageobjects.ProductsPage - Checking if home page logo is displayed...
2025-06-07 19:10:00 [TestNG-tests-1] INFO  com.ecommerce.testcases.ProductsPageTest - Step 1 passed: Home page is visible.
2025-06-07 19:10:00 [TestNG-tests-1] INFO  com.ecommerce.pageobjects.ProductsPage - Clicking on 'Products' button...
2025-06-07 19:10:03 [TestNG-tests-1] INFO  com.ecommerce.utility.Log - Clicked on element: [[ChromeDriver: chrome on mac (14589d0613f6e5ccac31a283219f7ecb)] -> xpath: //a[@href='/products']]
2025-06-07 19:10:03 [TestNG-tests-1] INFO  com.ecommerce.testcases.ProductsPageTest - Step 2 passed: Clicked on 'Products' button.
2025-06-07 19:10:03 [TestNG-tests-1] INFO  com.ecommerce.pageobjects.ProductsPage - Checking if 'All Products' title is visible...
2025-06-07 19:10:03 [TestNG-tests-1] INFO  com.ecommerce.testcases.ProductsPageTest - Step 3 passed: 'All Products' page is visible.
2025-06-07 19:10:03 [TestNG-tests-1] INFO  com.ecommerce.pageobjects.ProductsPage - Checking if product list is displayed...
2025-06-07 19:10:03 [TestNG-tests-1] INFO  com.ecommerce.testcases.ProductsPageTest - Step 4 passed: Products list is visible.
2025-06-07 19:10:03 [TestNG-tests-1] INFO  com.ecommerce.pageobjects.ProductsPage - Clicking on first 'View Product' link...
2025-06-07 19:10:15 [TestNG-tests-1] INFO  com.ecommerce.utility.Log - Clicked on element: Proxy element for: DefaultElementLocator 'By.xpath: (//a[contains(text(),'View Product')])[1]'
2025-06-07 19:10:15 [TestNG-tests-1] INFO  com.ecommerce.testcases.ProductsPageTest - Step 5 passed: Clicked on 'View Product' of first product.
2025-06-07 19:10:15 [TestNG-tests-1] INFO  com.ecommerce.pageobjects.ProductsPage - Checking if product name is visible...
2025-06-07 19:10:15 [TestNG-tests-1] INFO  com.ecommerce.pageobjects.ProductsPage - Checking if product category is visible...
2025-06-07 19:10:15 [TestNG-tests-1] INFO  com.ecommerce.pageobjects.ProductsPage - Checking if product price is visible...
2025-06-07 19:10:15 [TestNG-tests-1] INFO  com.ecommerce.pageobjects.ProductsPage - Checking if product availability is visible...
2025-06-07 19:10:15 [TestNG-tests-1] INFO  com.ecommerce.pageobjects.ProductsPage - Checking if product condition is visible...
2025-06-07 19:10:15 [TestNG-tests-1] INFO  com.ecommerce.pageobjects.ProductsPage - Checking if product brand is visible...
2025-06-07 19:10:15 [TestNG-tests-1] INFO  com.ecommerce.testcases.ProductsPageTest - Step 6 passed: All product details are visible.
2025-06-07 19:10:15 [TestNG-tests-1] INFO  com.ecommerce.testcases.ProductsPageTest - ===== Test Passed: verifyAllProductsAndProductDetailPage =====
2025-06-07 19:10:15 [TestNG-tests-1] INFO  com.ecommerce.utility.Log - Closing browser...
2025-06-07 19:10:15 [TestNG-tests-1] INFO  com.ecommerce.utility.Log - Launching browser: chrome
2025-06-07 19:10:20 [TestNG-tests-1] INFO  com.ecommerce.utility.Log - Navigated to: https://www.automationexercise.com/
2025-06-07 19:10:20 [TestNG-tests-1] INFO  com.ecommerce.testcases.SearchProductTest - ===== Starting Test: searchMultipleProductsTest =====
2025-06-07 19:10:20 [TestNG-tests-1] DEBUG com.ecommerce.testcases.SearchProductTest - Page title: Automation Exercise
2025-06-07 19:10:20 [TestNG-tests-1] INFO  com.ecommerce.testcases.SearchProductTest - Step 1 passed: Home page loaded successfully.
2025-06-07 19:10:20 [TestNG-tests-1] DEBUG com.ecommerce.testcases.SearchProductTest - SearchProductsPage object instantiated.
2025-06-07 19:10:23 [TestNG-tests-1] INFO  com.ecommerce.utility.Log - Clicked on element: [[ChromeDriver: chrome on mac (61336bf859f86d893fb3bf5a3f28e1fd)] -> xpath: //a[@href='/products']]
2025-06-07 19:10:23 [TestNG-tests-1] INFO  com.ecommerce.pageobjects.SearchProductsPage - Clicked on Products button.
2025-06-07 19:10:23 [TestNG-tests-1] INFO  com.ecommerce.testcases.SearchProductTest - Clicked on Products button.
2025-06-07 19:10:23 [TestNG-tests-1] DEBUG com.ecommerce.testcases.SearchProductTest - Current URL: https://www.automationexercise.com/products
2025-06-07 19:10:23 [TestNG-tests-1] INFO  com.ecommerce.testcases.SearchProductTest - Step 2 passed: Navigated to Products page successfully.
2025-06-07 19:10:23 [TestNG-tests-1] INFO  com.ecommerce.testcases.SearchProductTest - Searching for product: Top
2025-06-07 19:10:23 [TestNG-tests-1] INFO  com.ecommerce.utility.Log - Typed text: Top
2025-06-07 19:10:23 [TestNG-tests-1] INFO  com.ecommerce.pageobjects.SearchProductsPage - Entered product name in search input: Top
2025-06-07 19:10:24 [TestNG-tests-1] INFO  com.ecommerce.utility.Log - Clicked on element: [[ChromeDriver: chrome on mac (61336bf859f86d893fb3bf5a3f28e1fd)] -> id: submit_search]
2025-06-07 19:10:24 [TestNG-tests-1] INFO  com.ecommerce.pageobjects.SearchProductsPage - Clicked on Search button.
2025-06-07 19:10:24 [TestNG-tests-1] INFO  com.ecommerce.pageobjects.SearchProductsPage - 'Searched Products' title visibility: true
2025-06-07 19:10:24 [TestNG-tests-1] INFO  com.ecommerce.testcases.SearchProductTest - 'SEARCHED PRODUCTS' title is visible.
2025-06-07 19:10:24 [TestNG-tests-1] INFO  com.ecommerce.pageobjects.SearchProductsPage - Retrieved list of searched products. Count: 15
2025-06-07 19:10:24 [TestNG-tests-1] DEBUG com.ecommerce.testcases.SearchProductTest - Number of search results for Top: 15
2025-06-07 19:10:24 [TestNG-tests-1] INFO  com.ecommerce.testcases.SearchProductTest - Search results verified for product: Top
2025-06-07 19:10:24 [TestNG-tests-1] INFO  com.ecommerce.testcases.SearchProductTest - Searching for product: T-shirt
2025-06-07 19:10:25 [TestNG-tests-1] INFO  com.ecommerce.utility.Log - Typed text: T-shirt
2025-06-07 19:10:25 [TestNG-tests-1] INFO  com.ecommerce.pageobjects.SearchProductsPage - Entered product name in search input: T-shirt
2025-06-07 19:10:26 [TestNG-tests-1] INFO  com.ecommerce.utility.Log - Clicked on element: [[ChromeDriver: chrome on mac (61336bf859f86d893fb3bf5a3f28e1fd)] -> id: submit_search]
2025-06-07 19:10:26 [TestNG-tests-1] INFO  com.ecommerce.pageobjects.SearchProductsPage - Clicked on Search button.
2025-06-07 19:10:26 [TestNG-tests-1] INFO  com.ecommerce.pageobjects.SearchProductsPage - 'Searched Products' title visibility: true
2025-06-07 19:10:26 [TestNG-tests-1] INFO  com.ecommerce.testcases.SearchProductTest - 'SEARCHED PRODUCTS' title is visible.
2025-06-07 19:10:26 [TestNG-tests-1] INFO  com.ecommerce.pageobjects.SearchProductsPage - Retrieved list of searched products. Count: 4
2025-06-07 19:10:26 [TestNG-tests-1] DEBUG com.ecommerce.testcases.SearchProductTest - Number of search results for T-shirt: 4
2025-06-07 19:10:26 [TestNG-tests-1] INFO  com.ecommerce.testcases.SearchProductTest - Search results verified for product: T-shirt
2025-06-07 19:10:26 [TestNG-tests-1] INFO  com.ecommerce.testcases.SearchProductTest - Searching for product: Jeans
2025-06-07 19:10:26 [TestNG-tests-1] INFO  com.ecommerce.utility.Log - Typed text: Jeans
2025-06-07 19:10:26 [TestNG-tests-1] INFO  com.ecommerce.pageobjects.SearchProductsPage - Entered product name in search input: Jeans
2025-06-07 19:10:28 [TestNG-tests-1] INFO  com.ecommerce.utility.Log - Clicked on element: [[ChromeDriver: chrome on mac (61336bf859f86d893fb3bf5a3f28e1fd)] -> id: submit_search]
2025-06-07 19:10:28 [TestNG-tests-1] INFO  com.ecommerce.pageobjects.SearchProductsPage - Clicked on Search button.
2025-06-07 19:10:28 [TestNG-tests-1] INFO  com.ecommerce.pageobjects.SearchProductsPage - 'Searched Products' title visibility: true
2025-06-07 19:10:28 [TestNG-tests-1] INFO  com.ecommerce.testcases.SearchProductTest - 'SEARCHED PRODUCTS' title is visible.
2025-06-07 19:10:28 [TestNG-tests-1] INFO  com.ecommerce.pageobjects.SearchProductsPage - Retrieved list of searched products. Count: 4
2025-06-07 19:10:28 [TestNG-tests-1] DEBUG com.ecommerce.testcases.SearchProductTest - Number of search results for Jeans: 4
2025-06-07 19:10:28 [TestNG-tests-1] INFO  com.ecommerce.testcases.SearchProductTest - Search results verified for product: Jeans
2025-06-07 19:10:28 [TestNG-tests-1] INFO  com.ecommerce.testcases.SearchProductTest - ===== Test Passed: searchMultipleProductsTest =====
2025-06-07 19:10:28 [TestNG-tests-1] INFO  com.ecommerce.utility.Log - Closing browser...
2025-06-07 19:10:28 [TestNG-tests-1] INFO  com.ecommerce.utility.Log - Launching browser: chrome
2025-06-07 19:10:31 [TestNG-tests-1] INFO  com.ecommerce.utility.Log - Navigated to: https://www.automationexercise.com/
2025-06-07 19:10:31 [TestNG-tests-1] INFO  com.ecommerce.testcases.CartTest - ===== Starting Test: addMultipleProductsToCartTest =====
2025-06-07 19:10:33 [TestNG-tests-1] DEBUG com.ecommerce.testcases.CartTest - Page title: Automation Exercise
2025-06-07 19:10:33 [TestNG-tests-1] INFO  com.ecommerce.testcases.CartTest - Step 1 passed: Home page loaded successfully.
2025-06-07 19:10:33 [TestNG-tests-1] DEBUG com.ecommerce.testcases.CartTest - AddToCartPage object instantiated.
2025-06-07 19:10:47 [TestNG-tests-1] INFO  com.ecommerce.utility.Log - Clicked on element: [[ChromeDriver: chrome on mac (c93af3f654b07ef279aa96a18190e1b9)] -> xpath: //a[@href='/products']]
2025-06-07 19:10:47 [TestNG-tests-1] INFO  com.ecommerce.pageobjects.CartPage - Clicked on Products button.
2025-06-07 19:10:47 [TestNG-tests-1] INFO  com.ecommerce.testcases.CartTest - Clicked on Products button.
2025-06-07 19:10:47 [TestNG-tests-1] DEBUG com.ecommerce.testcases.CartTest - Current URL: https://www.automationexercise.com/products
2025-06-07 19:10:47 [TestNG-tests-1] INFO  com.ecommerce.testcases.CartTest - Step 2 passed: Navigated to Products page successfully.
2025-06-07 19:10:47 [TestNG-tests-1] INFO  com.ecommerce.utility.Log - Mouse hovered on element
2025-06-07 19:10:47 [TestNG-tests-1] INFO  com.ecommerce.utility.Log - JS Clicked element
2025-06-07 19:10:47 [TestNG-tests-1] INFO  com.ecommerce.pageobjects.CartPage - First product added to cart.
2025-06-07 19:10:47 [TestNG-tests-1] INFO  com.ecommerce.testcases.CartTest - Step 3 passed: First product added to cart.
2025-06-07 19:10:48 [TestNG-tests-1] INFO  com.ecommerce.utility.Log - Clicked on element: [[ChromeDriver: chrome on mac (c93af3f654b07ef279aa96a18190e1b9)] -> xpath: //button[text()='Continue Shopping']]
2025-06-07 19:10:48 [TestNG-tests-1] INFO  com.ecommerce.pageobjects.CartPage - Clicked on Continue Shopping button.
2025-06-07 19:10:48 [TestNG-tests-1] INFO  com.ecommerce.testcases.CartTest - Step 4 passed: Clicked Continue Shopping.
2025-06-07 19:10:48 [TestNG-tests-1] INFO  com.ecommerce.utility.Log - Mouse hovered on element
2025-06-07 19:10:48 [TestNG-tests-1] INFO  com.ecommerce.utility.Log - JS Clicked element
2025-06-07 19:10:48 [TestNG-tests-1] INFO  com.ecommerce.pageobjects.CartPage - Second product added to cart.
2025-06-07 19:10:48 [TestNG-tests-1] INFO  com.ecommerce.testcases.CartTest - Step 5 passed: Second product added to cart.
2025-06-07 19:10:59 [TestNG-tests-1] INFO  com.ecommerce.utility.Log - Clicked on element: Proxy element for: DefaultElementLocator 'By.xpath: //u[text()='View Cart']'
2025-06-07 19:10:59 [TestNG-tests-1] INFO  com.ecommerce.pageobjects.CartPage - Clicked on View Cart button.
2025-06-07 19:10:59 [TestNG-tests-1] INFO  com.ecommerce.testcases.CartTest - Step 6 passed: Clicked View Cart.
2025-06-07 19:10:59 [TestNG-tests-1] INFO  com.ecommerce.pageobjects.CartPage - Retrieved list of cart products. Count: 2
2025-06-07 19:10:59 [TestNG-tests-1] DEBUG com.ecommerce.testcases.CartTest - Number of products in cart: 2
2025-06-07 19:10:59 [TestNG-tests-1] INFO  com.ecommerce.testcases.CartTest - Step 7 passed: Verified both products are added to cart.
2025-06-07 19:10:59 [TestNG-tests-1] INFO  com.ecommerce.pageobjects.CartPage - Retrieved product prices from cart.
2025-06-07 19:10:59 [TestNG-tests-1] INFO  com.ecommerce.pageobjects.CartPage - Retrieved product quantities from cart.
2025-06-07 19:10:59 [TestNG-tests-1] INFO  com.ecommerce.pageobjects.CartPage - Retrieved total prices from cart.
2025-06-07 19:10:59 [TestNG-tests-1] DEBUG com.ecommerce.testcases.CartTest - Product 1: Price = 500, Quantity = 1, Total = 500
2025-06-07 19:10:59 [TestNG-tests-1] DEBUG com.ecommerce.testcases.CartTest - Product 2: Price = 400, Quantity = 1, Total = 400
2025-06-07 19:10:59 [TestNG-tests-1] INFO  com.ecommerce.testcases.CartTest - Step 8 passed: Verified prices, quantities, and total prices for all products.
2025-06-07 19:10:59 [TestNG-tests-1] INFO  com.ecommerce.testcases.CartTest - ===== Test Passed: addMultipleProductsToCartTest =====
2025-06-07 19:10:59 [TestNG-tests-1] INFO  com.ecommerce.utility.Log - Closing browser...
2025-06-07 19:10:59 [TestNG-tests-1] INFO  com.ecommerce.utility.Log - Launching browser: chrome
2025-06-07 19:11:05 [TestNG-tests-1] INFO  com.ecommerce.utility.Log - Navigated to: https://www.automationexercise.com/
2025-06-07 19:11:05 [TestNG-tests-1] INFO  com.ecommerce.testcases.CartTest - ===== Starting Test: verifyProductQuantityInCartTest =====
2025-06-07 19:11:05 [TestNG-tests-1] DEBUG com.ecommerce.testcases.CartTest - Page title: Automation Exercise
2025-06-07 19:11:05 [TestNG-tests-1] INFO  com.ecommerce.testcases.CartTest - Step 1 passed: Home page loaded successfully.
2025-06-07 19:11:06 [TestNG-tests-1] INFO  com.ecommerce.utility.Log - JS Clicked element
2025-06-07 19:11:06 [TestNG-tests-1] INFO  com.ecommerce.pageobjects.CartPage - Clicked on 'View Product' for the first product.
2025-06-07 19:11:06 [TestNG-tests-1] INFO  com.ecommerce.testcases.CartTest - Step 2 passed: Clicked on View Product.
2025-06-07 19:11:06 [TestNG-tests-1] INFO  com.ecommerce.utility.Log - Typed text: 4
2025-06-07 19:11:06 [TestNG-tests-1] INFO  com.ecommerce.pageobjects.CartPage - Set product quantity to: 4
2025-06-07 19:11:06 [TestNG-tests-1] INFO  com.ecommerce.testcases.CartTest - Step 3 passed: Set product quantity to 4.
2025-06-07 19:11:06 [TestNG-tests-1] INFO  com.ecommerce.utility.Log - Clicked on element: [[ChromeDriver: chrome on mac (f9080af4aeacc403207075be7211a2d0)] -> xpath: //button[normalize-space()='Add to cart']]
2025-06-07 19:11:06 [TestNG-tests-1] INFO  com.ecommerce.pageobjects.CartPage - Clicked on 'Add to cart' button.
2025-06-07 19:11:06 [TestNG-tests-1] INFO  com.ecommerce.testcases.CartTest - Step 4 passed: Clicked Add to Cart.
2025-06-07 19:11:18 [TestNG-tests-1] INFO  com.ecommerce.utility.Log - Clicked on element: Proxy element for: DefaultElementLocator 'By.xpath: //u[normalize-space()='View Cart']'
2025-06-07 19:11:18 [TestNG-tests-1] INFO  com.ecommerce.pageobjects.CartPage - Clicked on 'View Cart' button.
2025-06-07 19:11:18 [TestNG-tests-1] INFO  com.ecommerce.testcases.CartTest - Step 5 passed: Clicked View Cart.
2025-06-07 19:11:18 [TestNG-tests-1] INFO  com.ecommerce.pageobjects.CartPage - Retrieved product quantity from cart: 4
2025-06-07 19:11:18 [TestNG-tests-1] DEBUG com.ecommerce.testcases.CartTest - Actual quantity in cart: 4
2025-06-07 19:11:18 [TestNG-tests-1] INFO  com.ecommerce.testcases.CartTest - Step 6 passed: Verified product quantity is exactly 4.
2025-06-07 19:11:18 [TestNG-tests-1] INFO  com.ecommerce.testcases.CartTest - ===== Test Passed: verifyProductQuantityInCartTest =====
2025-06-07 19:11:18 [TestNG-tests-1] INFO  com.ecommerce.utility.Log - Closing browser...
2025-06-07 19:11:18 [main] INFO  com.ecommerce.utility.Log - === END SUITE === Automation Test Suite Finished
