2025-06-05 00:26:35 [main] INFO  com.ecommerce.utility.Log - Loading configuration properties...
2025-06-05 00:26:35 [main] INFO  com.ecommerce.utility.Log - Loaded configuration properties.
2025-06-05 00:26:35 [main] INFO  com.ecommerce.utility.Log - === START SUITE === Automation Test Suite Started
2025-06-05 00:26:35 [main] INFO  com.ecommerce.utility.Log - Launching browser: Chrome
2025-06-05 00:26:43 [main] INFO  com.ecommerce.utility.Log - Navigated to: https://www.automationexercise.com/
2025-06-05 00:26:43 [main] INFO  com.ecommerce.testcases.CartTest - ===== Starting Test: addMultipleProductsToCartTest =====
2025-06-05 00:26:43 [main] DEBUG com.ecommerce.testcases.CartTest - Page title: Automation Exercise
2025-06-05 00:26:43 [main] INFO  com.ecommerce.testcases.CartTest - Step 1 passed: Home page loaded successfully.
2025-06-05 00:26:43 [main] DEBUG com.ecommerce.testcases.CartTest - AddToCartPage object instantiated.
2025-06-05 00:26:47 [main] INFO  com.ecommerce.utility.Log - Clicked on element: [[ChromeDriver: chrome on mac (843e7ac5ac54111d43cbab8b5c88294f)] -> xpath: //a[@href='/products']]
2025-06-05 00:26:47 [main] INFO  com.ecommerce.pageobjects.CartPage - Clicked on Products button.
2025-06-05 00:26:47 [main] INFO  com.ecommerce.testcases.CartTest - Clicked on Products button.
2025-06-05 00:26:47 [main] DEBUG com.ecommerce.testcases.CartTest - Current URL: https://www.automationexercise.com/products
2025-06-05 00:26:47 [main] INFO  com.ecommerce.testcases.CartTest - Step 2 passed: Navigated to Products page successfully.
2025-06-05 00:26:47 [main] INFO  com.ecommerce.utility.Log - Mouse hovered on element
2025-06-05 00:26:47 [main] INFO  com.ecommerce.utility.Log - JS Clicked element
2025-06-05 00:26:47 [main] INFO  com.ecommerce.pageobjects.CartPage - First product added to cart.
2025-06-05 00:26:47 [main] INFO  com.ecommerce.testcases.CartTest - Step 3 passed: First product added to cart.
2025-06-05 00:26:48 [main] INFO  com.ecommerce.utility.Log - Clicked on element: [[ChromeDriver: chrome on mac (843e7ac5ac54111d43cbab8b5c88294f)] -> xpath: //button[text()='Continue Shopping']]
2025-06-05 00:26:48 [main] INFO  com.ecommerce.pageobjects.CartPage - Clicked on Continue Shopping button.
2025-06-05 00:26:48 [main] INFO  com.ecommerce.testcases.CartTest - Step 4 passed: Clicked Continue Shopping.
2025-06-05 00:26:48 [main] INFO  com.ecommerce.utility.Log - Mouse hovered on element
2025-06-05 00:26:48 [main] INFO  com.ecommerce.utility.Log - JS Clicked element
2025-06-05 00:26:48 [main] INFO  com.ecommerce.pageobjects.CartPage - Second product added to cart.
2025-06-05 00:26:48 [main] INFO  com.ecommerce.testcases.CartTest - Step 5 passed: Second product added to cart.
2025-06-05 00:27:02 [main] INFO  com.ecommerce.utility.Log - Clicked on element: Proxy element for: DefaultElementLocator 'By.xpath: //u[text()='View Cart']'
2025-06-05 00:27:02 [main] INFO  com.ecommerce.pageobjects.CartPage - Clicked on View Cart button.
2025-06-05 00:27:02 [main] INFO  com.ecommerce.testcases.CartTest - Step 6 passed: Clicked View Cart.
2025-06-05 00:27:02 [main] INFO  com.ecommerce.pageobjects.CartPage - Retrieved list of cart products. Count: 2
2025-06-05 00:27:02 [main] DEBUG com.ecommerce.testcases.CartTest - Number of products in cart: 2
2025-06-05 00:27:02 [main] INFO  com.ecommerce.testcases.CartTest - Step 7 passed: Verified both products are added to cart.
2025-06-05 00:27:02 [main] INFO  com.ecommerce.pageobjects.CartPage - Retrieved product prices from cart.
2025-06-05 00:27:02 [main] INFO  com.ecommerce.pageobjects.CartPage - Retrieved product quantities from cart.
2025-06-05 00:27:02 [main] INFO  com.ecommerce.pageobjects.CartPage - Retrieved total prices from cart.
2025-06-05 00:27:02 [main] DEBUG com.ecommerce.testcases.CartTest - Product 1: Price = 500, Quantity = 1, Total = 500
2025-06-05 00:27:02 [main] DEBUG com.ecommerce.testcases.CartTest - Product 2: Price = 400, Quantity = 1, Total = 400
2025-06-05 00:27:02 [main] INFO  com.ecommerce.testcases.CartTest - Step 8 passed: Verified prices, quantities, and total prices for all products.
2025-06-05 00:27:02 [main] INFO  com.ecommerce.testcases.CartTest - ===== Test Passed: addMultipleProductsToCartTest =====
2025-06-05 00:27:02 [main] INFO  com.ecommerce.utility.Log - Closing browser...
2025-06-05 00:27:02 [main] INFO  com.ecommerce.utility.Log - Launching browser: Chrome
2025-06-05 00:27:09 [main] INFO  com.ecommerce.utility.Log - Navigated to: https://www.automationexercise.com/
2025-06-05 00:27:09 [main] INFO  com.ecommerce.testcases.CartTest - ===== Starting Test: verifyProductQuantityInCartTest =====
2025-06-05 00:27:09 [main] DEBUG com.ecommerce.testcases.CartTest - Page title: Automation Exercise
2025-06-05 00:27:09 [main] INFO  com.ecommerce.testcases.CartTest - Step 1 passed: Home page loaded successfully.
2025-06-05 00:27:11 [main] INFO  com.ecommerce.utility.Log - JS Clicked element
2025-06-05 00:27:11 [main] INFO  com.ecommerce.pageobjects.CartPage - Clicked on 'View Product' for the first product.
2025-06-05 00:27:11 [main] INFO  com.ecommerce.testcases.CartTest - Step 2 passed: Clicked on View Product.
2025-06-05 00:27:12 [main] INFO  com.ecommerce.utility.Log - Typed text: 4
2025-06-05 00:27:12 [main] INFO  com.ecommerce.pageobjects.CartPage - Set product quantity to: 4
2025-06-05 00:27:12 [main] INFO  com.ecommerce.testcases.CartTest - Step 3 passed: Set product quantity to 4.
2025-06-05 00:27:12 [main] INFO  com.ecommerce.utility.Log - Clicked on element: [[ChromeDriver: chrome on mac (68ce9be509a3e70e84733e1b6ab88c8f)] -> xpath: //button[normalize-space()='Add to cart']]
2025-06-05 00:27:12 [main] INFO  com.ecommerce.pageobjects.CartPage - Clicked on 'Add to cart' button.
2025-06-05 00:27:12 [main] INFO  com.ecommerce.testcases.CartTest - Step 4 passed: Clicked Add to Cart.
2025-06-05 00:27:23 [main] INFO  com.ecommerce.utility.Log - Clicked on element: Proxy element for: DefaultElementLocator 'By.xpath: //u[normalize-space()='View Cart']'
2025-06-05 00:27:23 [main] INFO  com.ecommerce.pageobjects.CartPage - Clicked on 'View Cart' button.
2025-06-05 00:27:23 [main] INFO  com.ecommerce.testcases.CartTest - Step 5 passed: Clicked View Cart.
2025-06-05 00:27:23 [main] INFO  com.ecommerce.pageobjects.CartPage - Retrieved product quantity from cart: 4
2025-06-05 00:27:23 [main] DEBUG com.ecommerce.testcases.CartTest - Actual quantity in cart: 4
2025-06-05 00:27:23 [main] INFO  com.ecommerce.testcases.CartTest - Step 6 passed: Verified product quantity is exactly 4.
2025-06-05 00:27:23 [main] INFO  com.ecommerce.testcases.CartTest - ===== Test Passed: verifyProductQuantityInCartTest =====
2025-06-05 00:27:23 [main] INFO  com.ecommerce.utility.Log - Closing browser...
2025-06-05 00:27:24 [main] INFO  com.ecommerce.utility.Log - === END SUITE === Automation Test Suite Finished
